"../../../Engine/Content/EditorBlueprintResources/StandardMacros.uasset" 0
"C:/Users/akcen/OneDrive/Desktop/Narutaco/Narutaco/Content/sprite_sheet/Narutaco_sprite_sheet__2_.uasset" 1
"C:/Users/akcen/OneDrive/Desktop/Narutaco/Narutaco/Content/sprites/Narutaco_sprite_sheet__2__Sprite_24.uasset" 2
"C:/Users/akcen/OneDrive/Desktop/Narutaco/Narutaco/Content/sprites/Narutaco_sprite_sheet__2__Sprite_25.uasset" 3
"C:/Users/akcen/OneDrive/Desktop/Narutaco/Narutaco/Content/sprites/Narutaco_sprite_sheet__2__Sprite_26.uasset" 4
"C:/Users/akcen/OneDrive/Desktop/Narutaco/Narutaco/Content/sprites/Narutaco_sprite_sheet__2__Sprite_27.uasset" 5
"C:/Users/akcen/OneDrive/Desktop/Narutaco/Narutaco/Content/Flip_book/Narutaco_idle_2.uasset" 6
"C:/Users/akcen/OneDrive/Desktop/Narutaco/Narutaco/Content/sprites/Narutaco_sprite_sheet__2__Sprite_12.uasset" 7
"C:/Users/akcen/OneDrive/Desktop/Narutaco/Narutaco/Content/sprites/Narutaco_sprite_sheet__2__Sprite_13.uasset" 8
"C:/Users/akcen/OneDrive/Desktop/Narutaco/Narutaco/Content/sprites/Narutaco_sprite_sheet__2__Sprite_14.uasset" 9
"C:/Users/akcen/OneDrive/Desktop/Narutaco/Narutaco/Content/Flip_book/Narutaco_jump.uasset" 10
"C:/Users/akcen/OneDrive/Desktop/Narutaco/Narutaco/Content/sprites/Narutaco_sprite_sheet__2__Sprite_28.uasset" 11
"C:/Users/akcen/OneDrive/Desktop/Narutaco/Narutaco/Content/sprites/Narutaco_sprite_sheet__2__Sprite_29.uasset" 12
"C:/Users/akcen/OneDrive/Desktop/Narutaco/Narutaco/Content/sprites/Narutaco_sprite_sheet__2__Sprite_30.uasset" 13
"C:/Users/akcen/OneDrive/Desktop/Narutaco/Narutaco/Content/sprites/Narutaco_sprite_sheet__2__Sprite_31.uasset" 14
"C:/Users/akcen/OneDrive/Desktop/Narutaco/Narutaco/Content/Flip_book/narutaco_punch.uasset" 15
"C:/Users/akcen/OneDrive/Desktop/Narutaco/Narutaco/Content/sprites/Narutaco_sprite_sheet__2__Sprite_10.uasset" 16
"C:/Users/akcen/OneDrive/Desktop/Narutaco/Narutaco/Content/sprites/Narutaco_sprite_sheet__2__Sprite_11.uasset" 17
"C:/Users/akcen/OneDrive/Desktop/Narutaco/Narutaco/Content/sprites/Narutaco_sprite_sheet__2__Sprite_9.uasset" 18
"C:/Users/akcen/OneDrive/Desktop/Narutaco/Narutaco/Content/Flip_book/Narutaco_run.uasset" 19
"C:/Users/akcen/OneDrive/Desktop/Narutaco/Narutaco/Content/textures/TacoTown.uasset" 20
"C:/Users/akcen/OneDrive/Desktop/Narutaco/Narutaco/Content/sprites/TacoTown_Sprite.uasset" 21
"C:/Users/akcen/OneDrive/Desktop/Narutaco/Narutaco/Content/blueprints/character.uasset" 22
"C:/Users/akcen/OneDrive/Desktop/Narutaco/Narutaco/Content/blueprints/game_mode.uasset" 23
"C:/Users/akcen/OneDrive/Desktop/Narutaco/Narutaco/Content/Flip_book/Narutco_idle.uasset" 24
"C:/Users/akcen/OneDrive/Desktop/Narutaco/Narutaco/Content/sprites/Narutaco_sprite_sheet__2__Sprite_3.uasset" 25
"C:/Users/akcen/OneDrive/Desktop/Narutaco/Narutaco/Content/sprites/Narutaco_sprite_sheet__2__Sprite_4.uasset" 26
"C:/Users/akcen/OneDrive/Desktop/Narutaco/Narutaco/Content/textures/SnowTown.uasset" 27
"C:/Users/akcen/OneDrive/Desktop/Narutaco/Narutaco/Content/sprites/SnowTown_Sprite.uasset" 28
"C:/Users/akcen/OneDrive/Desktop/Narutaco/Narutaco/Content/textures/Tile1.uasset" 29
"C:/Users/akcen/OneDrive/Desktop/Narutaco/Narutaco/Content/sprites/tiles/Tile1_Sprite.uasset" 30
"C:/Users/akcen/OneDrive/Desktop/Narutaco/Narutaco/Content/sprites/Tile1_Sprite.uasset" 31
"C:/Users/akcen/OneDrive/Desktop/Narutaco/Narutaco/Content/textures/Tile5.uasset" 32
"C:/Users/akcen/OneDrive/Desktop/Narutaco/Narutaco/Content/sprites/Tile5_Sprite.uasset" 33
"C:/Users/akcen/OneDrive/Desktop/Narutaco/Narutaco/Content/textures/Tile6.uasset" 34
"C:/Users/akcen/OneDrive/Desktop/Narutaco/Narutaco/Content/sprites/Tile6_Sprite.uasset" 35
"C:/Users/akcen/OneDrive/Desktop/Narutaco/Narutaco/Content/textures/Tile7.uasset" 36
"C:/Users/akcen/OneDrive/Desktop/Narutaco/Narutaco/Content/sprites/Tile7_Sprite.uasset" 37
"C:/Users/akcen/OneDrive/Desktop/Narutaco/Narutaco/Content/textures/Tile2.uasset" 38
"C:/Users/akcen/OneDrive/Desktop/Narutaco/Narutaco/Content/sprites/tiles/Tile2_Sprite.uasset" 39
"C:/Users/akcen/OneDrive/Desktop/Narutaco/Narutaco/Content/sprite_sheet/Narutaco_sprite_sheet.uasset" 40
"../../../Engine/Content/Animation/DefaultAnimCurveCompressionSettings.uasset" 41
"../../../Engine/Content/Functions/Engine_MaterialFunctions01/Opacity/CameraDepthFade.uasset" 42
"../../../Engine/Content/EngineMaterials/T_Default_Material_Grid_M.uasset" 43
"../../../Engine/Content/EngineMaterials/T_Default_Material_Grid_N.uasset" 44
"../../../Engine/Content/EngineMaterials/WorldGridMaterial.uasset" 45
"../../../Engine/Content/ArtTools/RenderToTexture/Meshes/S_1_Unit_Plane.uasset" 46
"../../../Engine/Content/EngineMaterials/DefaultMaterial.uasset" 47
"../../../Engine/Content/BasicShapes/Cone.uasset" 48
"../../../Engine/Content/BasicShapes/Cube.uasset" 49
"../../../Engine/Content/BasicShapes/Cylinder.uasset" 50
"../../../Engine/Content/BasicShapes/Plane.uasset" 51
"../../../Engine/Content/BasicShapes/Sphere.uasset" 52
"../../../Engine/Content/EditorLandscapeResources/DataLayer.uasset" 53
"../../../Engine/Content/EditorMaterials/GizmoMaterial.uasset" 54
"../../../Engine/Content/EditorMaterials/MAT_Groups_Toggle.uasset" 55
"../../../Engine/Content/EditorMaterials/MAT_Groups_Visibility.uasset" 56
"../../../Engine/Content/EditorMaterials/PreviewShadowIndicator.uasset" 57
"../../../Engine/Content/EditorMaterials/PreviewShadowIndicatorMaterial.uasset" 58
"../../../Engine/Content/EditorMaterials/MatineeGroups/MAT_ColorTrack.uasset" 59
"../../../Engine/Content/EditorMaterials/MatineeGroups/MAT_Groups_Anim.uasset" 60
"../../../Engine/Content/EditorMaterials/MatineeGroups/MAT_Groups_AudioMaster.uasset" 61
"../../../Engine/Content/EditorMaterials/MatineeGroups/MAT_Groups_Director.uasset" 62
"../../../Engine/Content/EditorMaterials/MatineeGroups/MAT_Groups_Event.uasset" 63
"../../../Engine/Content/EditorMaterials/MatineeGroups/MAT_Groups_Fade.uasset" 64
"../../../Engine/Content/EditorMaterials/MatineeGroups/MAT_Groups_Float.uasset" 65
"../../../Engine/Content/EditorMaterials/MatineeGroups/MAT_Groups_Move.uasset" 66
"../../../Engine/Content/EditorMaterials/MatineeGroups/MAT_Groups_Slomo.uasset" 67
"../../../Engine/Content/EditorMaterials/MatineeGroups/MAT_Groups_Sound.uasset" 68
"../../../Engine/Content/EditorMaterials/MatineeGroups/MAT_Groups_Vector.uasset" 69
"../../../Engine/Content/EditorMaterials/ParticleSystems/PSysThumbnail_NoImage.uasset" 70
"../../../Engine/Content/EditorMaterials/ParticleSystems/PSysThumbnail_OOD.uasset" 71
"../../../Engine/Content/EditorMaterials/Camera/CineMat.uasset" 72
"../../../Engine/Content/EditorMaterials/Camera/MI_CineMat_Rig.uasset" 73
"../../../Engine/Content/EditorMeshes/Camera/SM_CraneRig_Arm.uasset" 74
"../../../Engine/Content/EditorMeshes/Camera/SM_CraneRig_Base.uasset" 75
"../../../Engine/Content/EditorMeshes/Camera/SM_CraneRig_Body.uasset" 76
"../../../Engine/Content/EditorMeshes/Camera/SM_CraneRig_Mount.uasset" 77
"../../../Engine/Content/EditorMeshes/Camera/SM_RailRig_Mount.uasset" 78
"../../../Engine/Content/EditorMeshes/Camera/SM_RailRig_Track.uasset" 79
"../../../Engine/Content/EditorResources/BSPVertex.uasset" 80
"../../../Engine/Content/EditorResources/S_Actor.uasset" 81
"../../../Engine/Content/EditorResources/S_Note.uasset" 82
"../../../Engine/Content/EditorResources/S_Trigger.uasset" 83
"../../../Engine/Content/EditorResources/SequenceRecorder/Countdown.uasset" 84
"../../../Engine/Content/EditorResources/SequenceRecorder/RecordingIndicator.uasset" 85
"../../../Engine/Content/EditorSounds/Notifications/CompileFailed.uasset" 86
"../../../Engine/Content/EditorSounds/Notifications/CompileFailed_Cue.uasset" 87
"../../../Engine/Content/EditorSounds/Notifications/CompileSuccess.uasset" 88
"../../../Engine/Content/EditorSounds/Notifications/CompileStart_Cue.uasset" 89
"../../../Engine/Content/EditorSounds/Notifications/CompileSuccess_Cue.uasset" 90
"../../../Engine/Content/EngineDamageTypes/DmgTypeBP_Environmental.uasset" 91
"../../../Engine/Content/EngineDebugMaterials/HeatmapGradient.uasset" 92
"../../../Engine/Content/EngineDebugMaterials/BoneWeightMaterial.uasset" 93
"../../../Engine/Content/EngineDebugMaterials/ClothMaterial.uasset" 94
"../../../Engine/Content/EngineDebugMaterials/ClothMaterial_WF.uasset" 95
"../../../Engine/Content/EngineDebugMaterials/DebugEditorMaterial.uasset" 96
"../../../Engine/Content/EngineDebugMaterials/DebugMeshMaterial.uasset" 97
"../../../Engine/Content/EngineDebugMaterials/GeomMaterial.uasset" 98
"../../../Engine/Content/EngineDebugMaterials/M_SimpleTranslucent.uasset" 99
"../../../Engine/Content/EngineFonts/Faces/RobotoBold.uasset" 100
"../../../Engine/Content/EngineFonts/Faces/RobotoBoldItalic.uasset" 101
"../../../Engine/Content/EngineFonts/Faces/RobotoItalic.uasset" 102
"../../../Engine/Content/EngineFonts/Faces/RobotoLight.uasset" 103
"../../../Engine/Content/EngineFonts/Faces/RobotoRegular.uasset" 104
"../../../Engine/Content/EngineFonts/Roboto.uasset" 105
"../../../Engine/Content/EngineFonts/Faces/RobotoTiny.uasset" 106
"../../../Engine/Content/EngineFonts/RobotoTiny.uasset" 107
"../../../Engine/Content/EngineMaterials/BaseFlattenDiffuseMap.uasset" 108
"../../../Engine/Content/EngineMaterials/BaseFlattenEmissiveMap.uasset" 109
"../../../Engine/Content/EngineMaterials/BaseFlattenGrayscaleMap.uasset" 110
"../../../Engine/Content/EngineMaterials/BaseFlattenNormalMap.uasset" 111
"../../../Engine/Content/EngineMaterials/BaseFlattenMaterial.uasset" 112
"../../../Engine/Content/EngineMaterials/DefaultBloomKernel.uasset" 113
"../../../Engine/Content/EngineMaterials/DefaultBokeh.uasset" 114
"../../../Engine/Content/EngineMaterials/DefaultDiffuse.uasset" 115
"../../../Engine/Content/EngineMaterials/DefaultDeferredDecalMaterial.uasset" 116
"../../../Engine/Content/EngineMaterials/DefaultLightFunctionMaterial.uasset" 117
"../../../Engine/Content/EngineMaterials/DefaultPhysicalMaterial.uasset" 118
"../../../Engine/Content/Functions/Engine_MaterialFunctions02/Utility/BreakOutFloat2Components.uasset" 119
"../../../Engine/Content/EngineMaterials/DefaultPostProcessMaterial.uasset" 120
"../../../Engine/Content/EngineFonts/RobotoDistanceField.uasset" 121
"../../../Engine/Content/EngineMaterials/DefaultTextMaterialOpaque.uasset" 122
"../../../Engine/Content/EngineMaterials/DefaultWhiteGrid.uasset" 123
"../../../Engine/Content/EngineMaterials/EditorBrushMaterial.uasset" 124
"../../../Engine/Content/EngineMaterials/Good64x64TilingNoiseHighFreq.uasset" 125
"../../../Engine/Content/EngineMaterials/MiniFont.uasset" 126
"../../../Engine/Content/EngineMaterials/InvalidLightmapSettings.uasset" 127
"../../../Engine/Content/EngineMaterials/M_InvalidLightmapSettings.uasset" 128
"../../../Engine/Content/Functions/Engine_MaterialFunctions02/WorldPositionOffset/CameraOffset.uasset" 129
"../../../Engine/Content/EngineMaterials/PhAT_JointLimitMaterial.uasset" 130
"../../../Engine/Content/EngineMaterials/PreintegratedSkinBRDF.uasset" 131
"../../../Engine/Content/EngineMaterials/RemoveSurfaceMaterial.uasset" 132
"../../../Engine/Content/EngineMaterials/WeightMapPlaceholderTexture.uasset" 133
"../../../Engine/Content/EngineResources/WhiteSquareTexture.uasset" 134
"../../../Engine/Content/EngineMaterials/Widget3DPassThrough.uasset" 135
"../../../Engine/Content/EngineMaterials/Widget3DPassThrough_Masked.uasset" 136
"../../../Engine/Content/EngineMaterials/Widget3DPassThrough_Opaque.uasset" 137
"../../../Engine/Content/EngineMaterials/Widget3DPassThrough_Masked_OneSided.uasset" 138
"../../../Engine/Content/EngineMaterials/Widget3DPassThrough_Opaque_OneSided.uasset" 139
"../../../Engine/Content/EngineMaterials/Widget3DPassThrough_Translucent.uasset" 140
"../../../Engine/Content/EngineMaterials/Widget3DPassThrough_Translucent_OneSided.uasset" 141
"../../../Engine/Content/EngineMeshes/Cylinder.uasset" 142
"../../../Engine/Content/EngineMeshes/Sphere.uasset" 143
"../../../Engine/Content/EngineResources/Black.uasset" 144
"../../../Engine/Content/EngineResources/DefaultTexture.uasset" 145
"../../../Engine/Content/EngineResources/DefaultTextureCube.uasset" 146
"../../../Engine/Content/EngineResources/DefaultVolumeTexture2D.uasset" 147
"../../../Engine/Content/EngineResources/DefaultVolumeTexture.uasset" 148
"../../../Engine/Content/EngineResources/GradientTexture0.uasset" 149
"../../../Engine/Content/EngineSounds/Master.uasset" 150
"../../../Engine/Content/Functions/Engine_MaterialFunctions01/Shading/ConvertFromDiffSpec.uasset" 151
"../../../Engine/Content/Functions/Engine_MaterialFunctions01/Shading/PowerToRoughness.uasset" 152
"../../../Engine/Content/Maps/Templates/Thumbnails/Default.uasset" 153
"../../../Engine/Content/Maps/Templates/Thumbnails/VR-Basic.uasset" 154
"../../../Engine/Content/MobileResources/T_MobileControls_texture.uasset" 155
"../../../Engine/Content/MobileResources/T_MobileMenu2.uasset" 156
"../../../Engine/Content/MobileResources/HUD/AnalogHat.uasset" 157
"../../../Engine/Content/MobileResources/HUD/VirtualJoystick_Background.uasset" 158
"../../../Engine/Content/MobileResources/HUD/VirtualJoystick_Thumb.uasset" 159
"../../../Engine/Content/MobileResources/HUD/DefaultVirtualJoysticks.uasset" 160
"../../../Engine/Content/MobileResources/HUD/LeftVirtualJoystickOnly.uasset" 161
"../../../Engine/Content/MobileResources/HUD/MobileHUDButton1_off.uasset" 162
"../../../Engine/Content/MobileResources/HUD/MobileHUDButton1_on.uasset" 163
"../../../Engine/Content/MobileResources/HUD/MobileHUDButton2_off.uasset" 164
"../../../Engine/Content/MobileResources/HUD/MobileHUDButton2_on.uasset" 165
"../../../Engine/Content/MobileResources/HUD/MobileHUDButton3.uasset" 166
"../../../Engine/Content/MobileResources/HUD/MobileHUDButtonFire.uasset" 167
"../../../Engine/Content/MobileResources/HUD/MobileHUDDirectionPad.uasset" 168
"../../../Engine/Content/MobileResources/HUD/MobileHUDDirectionPad2.uasset" 169
"../../../Engine/Content/MobileResources/HUD/MobileHUDDirectionPad3.uasset" 170
"../../../Engine/Content/MobileResources/HUD/MobileHUDDirectionStick.uasset" 171
"../../../Engine/Content/MobileResources/HUD/T_Castle_ThumbstickInner.uasset" 172
"../../../Engine/Content/MobileResources/HUD/T_Castle_ThumbstickOutter.uasset" 173
"../../../Engine/Content/Tutorial/ContentIntroCurve.uasset" 174
"../../../Engine/Content/Tutorial/Basics/LevelEditorAttract.uasset" 175
"../../../Engine/Content/VREditor/LaserPointer/VR_LaserPower_01.uasset" 176
"../../../Engine/Content/VREditor/TransformGizmo/TransformGizmoMaterial.uasset" 177
"../../../Engine/Content/VREditor/TransformGizmo/TranslucentTransformGizmoMaterial.uasset" 178
"../../../Engine/Content/VREditor/TransformGizmo/BoundingBoxCorner.uasset" 179
"../../../Engine/Content/VREditor/TransformGizmo/BoundingBoxEdge.uasset" 180
"../../../Engine/Content/VREditor/TransformGizmo/PlaneTranslationHandle.uasset" 181
"../../../Engine/Content/VREditor/TransformGizmo/Main.uasset" 182
"../../../Engine/Content/VREditor/TransformGizmo/Xray.uasset" 183
"../../../Engine/Content/VREditor/TransformGizmo/SM_Sequencer_Key.uasset" 184
"../../../Engine/Content/VREditor/TransformGizmo/SM_Sequencer_Node.uasset" 185
"../../Plugins/2D/Paper2D/Content/PlaceholderTextures/DummySpriteTexture.uasset" 186
"../../Plugins/2D/Paper2D/Content/DummySprite.uasset" 187
"../../Plugins/2D/Paper2D/Content/DefaultPaperTerrainMaterial.uasset" 188
"../../Plugins/2D/Paper2D/Content/DummySpriteTexture.uasset" 189
"../../Plugins/2D/Paper2D/Content/DefaultSpriteMaterial.uasset" 190
"../../Plugins/2D/Paper2D/Content/MaskedUnlitSpriteMaterial.uasset" 191
"../../Plugins/2D/Paper2D/Content/OpaqueUnlitSpriteMaterial.uasset" 192
"../../Plugins/Runtime/Oculus/OculusVR/Content/OculusMR_RenderTarget.uasset" 193
"../../../Engine/Content/Functions/Engine_MaterialFunctions02/Utility/BreakOutFloat4Components.uasset" 194
"../../../Engine/Content/Functions/Engine_MaterialFunctions02/Utility/MakeFloat2.uasset" 195
"../../../Engine/Content/Functions/Engine_MaterialFunctions02/Utility/MakeFloat3.uasset" 196
"../../Plugins/Runtime/Oculus/OculusVR/Content/Materials/OculusMR_ChromaKey.uasset" 197
"../../Plugins/Runtime/Oculus/OculusVR/Content/Materials/OculusMR_ChromaKey_Lit.uasset" 198
"../../Plugins/Runtime/Oculus/OculusVR/Content/Materials/OculusMR_OpaqueColoredMaterial.uasset" 199
"../../Plugins/Runtime/Oculus/OculusVR/Content/Materials/OculusMR_WhiteMaterial.uasset" 200
"../../Plugins/Runtime/Oculus/OculusVR/Content/Materials/PokeAHoleMaterial.uasset" 201
"../../Plugins/Runtime/Oculus/OculusVR/Content/Textures/GearVRController_AO.uasset" 202
"../../Plugins/Runtime/Oculus/OculusVR/Content/Textures/GearVRController_Color.uasset" 203
"../../Plugins/Runtime/Oculus/OculusVR/Content/Textures/GearVRController_Normal.uasset" 204
"../../Plugins/Runtime/Oculus/OculusVR/Content/Materials/GearVRControllerMaterial.uasset" 205
"../../Plugins/Runtime/Oculus/OculusVR/Content/Meshes/GearVrController.uasset" 206
"../../Plugins/Runtime/Oculus/OculusVR/Content/Textures/touchController_albedo.uasset" 207
"../../Plugins/Runtime/Oculus/OculusVR/Content/Textures/touchController_controlmap.uasset" 208
"../../Plugins/Runtime/Oculus/OculusVR/Content/Materials/touchController_mat.uasset" 209
"../../Plugins/Runtime/Oculus/OculusVR/Content/Meshes/LeftTouchController.uasset" 210
"../../Plugins/Runtime/Oculus/OculusVR/Content/Meshes/RiftHMD.uasset" 211
"../../Plugins/Runtime/Oculus/OculusVR/Content/Meshes/RightTouchController.uasset" 212
"C:/Users/akcen/OneDrive/Desktop/Narutaco/Narutaco/Content/level/project_BuiltData.uasset" 213
"C:/Users/akcen/OneDrive/Desktop/Narutaco/Narutaco/Content/textures/Spike_Tile_2__no_background_.uasset" 214
"C:/Users/akcen/OneDrive/Desktop/Narutaco/Narutaco/Content/sprites/tiles/Spike_Tile_2__no_background__Sprite.uasset" 215
"C:/Users/akcen/OneDrive/Desktop/Narutaco/Narutaco/Content/textures/Tile3.uasset" 216
"C:/Users/akcen/OneDrive/Desktop/Narutaco/Narutaco/Content/sprites/tiles/Tile3_Sprite.uasset" 217
"C:/Users/akcen/OneDrive/Desktop/Narutaco/Narutaco/Content/textures/Tile4.uasset" 218
"C:/Users/akcen/OneDrive/Desktop/Narutaco/Narutaco/Content/sprites/tiles/Tile4_Sprite.uasset" 219
"C:/Users/akcen/OneDrive/Desktop/Narutaco/Narutaco/Content/level/project.umap" 220
"../../../Engine/Content/Maps/Entry_BuiltData.uasset" 221
"../../../Engine/Content/Maps/Entry.umap" 222
