Log file open, 12/09/19 23:15:58
LogWindows: Failed to load 'aqProf.dll' (GetLastError=126)
LogWindows: File 'aqProf.dll' does not exist
LogWindows: Failed to load 'VtuneApi.dll' (GetLastError=126)
LogWindows: File 'VtuneApi.dll' does not exist
LogWindows: Failed to load 'VtuneApi32e.dll' (GetLastError=126)
LogWindows: File 'VtuneApi32e.dll' does not exist
LogConsoleResponse: Display: Failed to find resolution value strings in scalability ini. Falling back to default.
LogInit: Display: Running engine for game: Narutaco
LogPakFile: Registered encryption key '00000000000000000000000000000000': 0 pak files mounted, 0 remain pending
LogPlatformFile: Not using cached read wrapper
LogTaskGraph: Started task graph with 5 named threads and 23 total threads with 3 sets of task threads.
LogStats: Stats thread started at 0.284313
LogD3D11RHI: Loaded GFSDK_Aftermath_Lib.x64.dll
LogICUInternationalization: ICU TimeZone Detection - Raw Offset: -6:00, Platform Override: ''
LogPluginManager: Mounting plugin Paper2D
LogPluginManager: Mounting plugin AISupport
LogPluginManager: Mounting plugin LightPropagationVolume
LogPluginManager: Mounting plugin ActorLayerUtilities
LogPluginManager: Mounting plugin AnimationSharing
LogPluginManager: Mounting plugin CLionSourceCodeAccess
LogPluginManager: Mounting plugin CodeLiteSourceCodeAccess
LogPluginManager: Mounting plugin GitSourceControl
LogPluginManager: Mounting plugin KDevelopSourceCodeAccess
LogPluginManager: Mounting plugin NullSourceCodeAccess
LogPluginManager: Mounting plugin PerforceSourceControl
LogPluginManager: Mounting plugin SubversionSourceControl
LogPluginManager: Mounting plugin UObjectPlugin
LogPluginManager: Mounting plugin VisualStudioCodeSourceCodeAccess
LogPluginManager: Mounting plugin VisualStudioSourceCodeAccess
LogPluginManager: Mounting plugin XCodeSourceCodeAccess
LogPluginManager: Mounting plugin AssetManagerEditor
LogPluginManager: Mounting plugin CryptoKeys
LogPluginManager: Mounting plugin DataValidation
LogPluginManager: Mounting plugin FacialAnimation
LogPluginManager: Mounting plugin GameplayTagsEditor
LogPluginManager: Mounting plugin MacGraphicsSwitching
LogPluginManager: Mounting plugin MaterialAnalyzer
LogPluginManager: Mounting plugin MobileLauncherProfileWizard
LogPluginManager: Mounting plugin PluginBrowser
LogPluginManager: Mounting plugin SpeedTreeImporter
LogPluginManager: Mounting plugin DatasmithContent
LogPluginManager: Mounting plugin VariantManagerContent
LogPluginManager: Mounting plugin AlembicImporter
LogPluginManager: Mounting plugin AppleImageUtils
LogPluginManager: Mounting plugin AppleVision
LogPluginManager: Mounting plugin BackChannel
LogPluginManager: Mounting plugin CharacterAI
LogPluginManager: Mounting plugin GeometryCache
LogPluginManager: Mounting plugin HTML5Networking
LogPluginManager: Mounting plugin ProxyLODPlugin
LogPluginManager: Mounting plugin SkeletalReduction
LogPluginManager: Mounting plugin MagicLeap
LogPluginManager: Mounting plugin MagicLeapMedia
LogPluginManager: Mounting plugin AndroidMedia
LogPluginManager: Mounting plugin AvfMedia
LogPluginManager: Mounting plugin ImgMedia
LogPluginManager: Mounting plugin LinearTimecode
LogPluginManager: Mounting plugin MediaCompositing
LogPluginManager: Mounting plugin MediaPlayerEditor
LogPluginManager: Mounting plugin WebMMedia
LogPluginManager: Mounting plugin WmfMedia
LogPluginManager: Mounting plugin TcpMessaging
LogPluginManager: Mounting plugin UdpMessaging
LogPluginManager: Mounting plugin ActorSequence
LogPluginManager: Mounting plugin LevelSequenceEditor
LogPluginManager: Mounting plugin MatineeToLevelSequence
LogPluginManager: Mounting plugin NetcodeUnitTest
LogPluginManager: Mounting plugin NUTUnrealEngine4
LogPluginManager: Mounting plugin OnlineSubsystemGooglePlay
LogPluginManager: Mounting plugin OnlineSubsystemIOS
LogPluginManager: Mounting plugin OnlineSubsystem
LogPluginManager: Mounting plugin OnlineSubsystemNull
LogPluginManager: Mounting plugin OnlineSubsystemUtils
LogPluginManager: Mounting plugin LauncherChunkInstaller
LogPluginManager: Mounting plugin AndroidDeviceProfileSelector
LogPluginManager: Mounting plugin AndroidMoviePlayer
LogPluginManager: Mounting plugin AndroidPermission
LogPluginManager: Mounting plugin AppleMoviePlayer
LogPluginManager: Mounting plugin ArchVisCharacter
LogPluginManager: Mounting plugin AudioCapture
LogPluginManager: Mounting plugin CableComponent
LogPluginManager: Mounting plugin CustomMeshComponent
LogPluginManager: Mounting plugin EditableMesh
LogPluginManager: Mounting plugin ExampleDeviceProfileSelector
LogPluginManager: Mounting plugin Firebase
LogPluginManager: Mounting plugin GoogleCloudMessaging
LogPluginManager: Mounting plugin IOSDeviceProfileSelector
LogPluginManager: Mounting plugin LinuxDeviceProfileSelector
LogPluginManager: Mounting plugin LocationServicesBPLibrary
LogPluginManager: Mounting plugin MobilePatchingUtils
LogPluginManager: Mounting plugin OculusVR
LogPluginManager: Mounting plugin PhysXVehicles
LogPluginManager: Mounting plugin ProceduralMeshComponent
LogPluginManager: Mounting plugin RuntimePhysXCooking
LogPluginManager: Mounting plugin SignificanceManager
LogPluginManager: Mounting plugin SteamVR
LogPluginManager: Mounting plugin WebMMoviePlayer
LogPluginManager: Mounting plugin WindowsMoviePlayer
LogInit: Using libcurl 7.55.1-DEV
LogInit:  - built for x86_64-pc-win32
LogInit:  - supports SSL with OpenSSL/1.1.1
LogInit:  - supports HTTP deflate (compression) using libz 1.2.8
LogInit:  - other features:
LogInit:      CURL_VERSION_SSL
LogInit:      CURL_VERSION_LIBZ
LogInit:      CURL_VERSION_IPV6
LogInit:      CURL_VERSION_ASYNCHDNS
LogInit:      CURL_VERSION_LARGEFILE
LogInit:      CURL_VERSION_IDN
LogInit:  CurlRequestOptions (configurable via config and command line):
LogInit:  - bVerifyPeer = true  - Libcurl will verify peer certificate
LogInit:  - bUseHttpProxy = false  - Libcurl will NOT use HTTP proxy
LogInit:  - bDontReuseConnections = false  - Libcurl will reuse connections
LogInit:  - MaxHostConnections = 16  - Libcurl will limit the number of connections to a host
LogInit:  - LocalHostAddr = Default
LogInit:  - BufferSize = 65536
LogInit: WinSock: version 1.1 (2.2), MaxSocks=32767, MaxUdp=65467
LogInit: Build: ++UE4+Release-4.22-CL-7053642
LogInit: Engine Version: 4.22.3-7053642+++UE4+Release-4.22
LogInit: Compatible Engine Version: 4.22.0-5660361+++UE4+Release-4.22
LogInit: Net CL: 5660361
LogInit: OS: Windows 10 (Release 1903) (), CPU: Intel(R) Core(TM) i7-4700HQ CPU @ 2.40GHz, GPU: Intel(R) HD Graphics 4600
LogInit: Compiled (64-bit): Jun 18 2019 03:09:11
LogInit: Compiled with Visual C++: 19.16.27025.01
LogInit: Build Configuration: Development
LogInit: Branch Name: ++UE4+Release-4.22
LogInit: Command Line: 
LogInit: Base Directory: C:/Program Files/Epic Games/UE_4.22/Engine/Binaries/Win64/
LogInit: Installed Engine Build: 1
LogDevObjectVersion: Number of dev versions registered: 23
LogDevObjectVersion:   Dev-Blueprints (B0D832E4-1F89-4F0D-ACCF-7EB736FD4AA2): 10
LogDevObjectVersion:   Dev-Build (E1C64328-A22C-4D53-A36C-8E866417BD8C): 0
LogDevObjectVersion:   Dev-Core (375EC13C-06E4-48FB-B500-84F0262A717E): 3
LogDevObjectVersion:   Dev-Editor (E4B068ED-F494-42E9-A231-DA0B2E46BB41): 30
LogDevObjectVersion:   Dev-Framework (CFFC743F-43B0-4480-9391-14DF171D2073): 35
LogDevObjectVersion:   Dev-Mobile (B02B49B5-BB20-44E9-A304-32B752E40360): 2
LogDevObjectVersion:   Dev-Networking (A4E4105C-59A1-49B5-A7C5-40C4547EDFEE): 0
LogDevObjectVersion:   Dev-Online (39C831C9-5AE6-47DC-9A44-9C173E1C8E7C): 0
LogDevObjectVersion:   Dev-Physics (78F01B33-EBEA-4F98-B9B4-84EACCB95AA2): 0
LogDevObjectVersion:   Dev-Platform (6631380F-2D4D-43E0-8009-CF276956A95A): 0
LogDevObjectVersion:   Dev-Rendering (12F88B9F-8875-4AFC-A67C-D90C383ABD29): 28
LogDevObjectVersion:   Dev-Sequencer (7B5AE74C-D270-4C10-A958-57980B212A5A): 11
LogDevObjectVersion:   Dev-VR (D7296918-1DD6-4BDD-9DE2-64A83CC13884): 2
LogDevObjectVersion:   Dev-LoadTimes (C2A15278-BFE7-4AFE-6C17-90FF531DF755): 1
LogDevObjectVersion:   Private-Geometry (6EACA3D4-40EC-4CC1-B786-8BED09428FC5): 3
LogDevObjectVersion:   Dev-AnimPhys (29E575DD-E0A3-4627-9D10-D276232CDCEA): 17
LogDevObjectVersion:   Dev-Anim (AF43A65D-7FD3-4947-9873-3E8ED9C1BB05): 2
LogDevObjectVersion:   Dev-ReflectionCapture (6B266CEC-1EC7-4B8F-A30B-E4D90942FC07): 1
LogDevObjectVersion:   Dev-Automation (0DF73D61-A23F-47EA-B727-89E90C41499A): 1
LogDevObjectVersion:   FortniteMain (601D1886-AC64-4F84-AA16-D3DE0DEAC7D6): 25
LogDevObjectVersion:   Dev-Enterprise (9DFFBCD6-494F-0158-E221-12823C92A888): 6
LogDevObjectVersion:   Dev-Niagara (F2AED0AC-9AFE-416F-8664-AA7FFA26D6FC): 1
LogDevObjectVersion:   Dev-Destruction (174F1F0B-B4C6-45A5-B13F-2EE8D0FB917D): 2
LogInit: Presizing for max 16777216 objects, including 0 objects not considered by GC, pre-allocating 0 bytes for permanent pool.
LogInit: Object subsystem initialized
LogConfig: Setting CVar [[con.DebugEarlyDefault:1]]
LogConfig: Setting CVar [[r.setres:1280x720]]
[2019.12.10-05.16.03:079][  0]LogConfig: Setting CVar [[r.VSync:0]]
[2019.12.10-05.16.03:079][  0]LogConfig: Setting CVar [[r.RHICmdBypass:0]]
[2019.12.10-05.16.03:085][  0]LogConfig: Applying CVar settings from Section [/Script/Engine.RendererSettings] File [C:/Users/Enrique/Documents/GitHub/Narutaco/Narutaco/Saved/Config/Windows/Engine.ini]
[2019.12.10-05.16.03:085][  0]LogConfig: Setting CVar [[r.GPUCrashDebugging:0]]
[2019.12.10-05.16.03:086][  0]LogConfig: Applying CVar settings from Section [/Script/Engine.RendererOverrideSettings] File [C:/Users/Enrique/Documents/GitHub/Narutaco/Narutaco/Saved/Config/Windows/Engine.ini]
[2019.12.10-05.16.03:086][  0]LogConfig: Applying CVar settings from Section [/Script/Engine.StreamingSettings] File [C:/Users/Enrique/Documents/GitHub/Narutaco/Narutaco/Saved/Config/Windows/Engine.ini]
[2019.12.10-05.16.03:086][  0]LogConfig: Setting CVar [[s.MinBulkDataSizeForAsyncLoading:131072]]
[2019.12.10-05.16.03:086][  0]LogConfig: Setting CVar [[s.AsyncLoadingThreadEnabled:0]]
[2019.12.10-05.16.03:086][  0]LogConfig: Setting CVar [[s.EventDrivenLoaderEnabled:1]]
[2019.12.10-05.16.03:086][  0]LogConfig: Setting CVar [[s.WarnIfTimeLimitExceeded:0]]
[2019.12.10-05.16.03:086][  0]LogConfig: Setting CVar [[s.TimeLimitExceededMultiplier:1.5]]
[2019.12.10-05.16.03:086][  0]LogConfig: Setting CVar [[s.TimeLimitExceededMinTime:0.005]]
[2019.12.10-05.16.03:086][  0]LogConfig: Setting CVar [[s.UseBackgroundLevelStreaming:1]]
[2019.12.10-05.16.03:086][  0]LogConfig: Setting CVar [[s.PriorityAsyncLoadingExtraTime:15.0]]
[2019.12.10-05.16.03:086][  0]LogConfig: Setting CVar [[s.LevelStreamingActorsUpdateTimeLimit:5.0]]
[2019.12.10-05.16.03:086][  0]LogConfig: Setting CVar [[s.PriorityLevelStreamingActorsUpdateExtraTime:5.0]]
[2019.12.10-05.16.03:086][  0]LogConfig: Setting CVar [[s.LevelStreamingComponentsRegistrationGranularity:10]]
[2019.12.10-05.16.03:086][  0]LogConfig: Setting CVar [[s.UnregisterComponentsTimeLimit:1.0]]
[2019.12.10-05.16.03:086][  0]LogConfig: Setting CVar [[s.LevelStreamingComponentsUnregistrationGranularity:5]]
[2019.12.10-05.16.03:086][  0]LogConfig: Applying CVar settings from Section [/Script/Engine.GarbageCollectionSettings] File [C:/Users/Enrique/Documents/GitHub/Narutaco/Narutaco/Saved/Config/Windows/Engine.ini]
[2019.12.10-05.16.03:086][  0]LogConfig: Setting CVar [[gc.MaxObjectsNotConsideredByGC:1]]
[2019.12.10-05.16.03:087][  0]LogConfig: Setting CVar [[gc.SizeOfPermanentObjectPool:0]]
[2019.12.10-05.16.03:087][  0]LogConfig: Setting CVar [[gc.FlushStreamingOnGC:0]]
[2019.12.10-05.16.03:087][  0]LogConfig: Setting CVar [[gc.NumRetriesBeforeForcingGC:10]]
[2019.12.10-05.16.03:087][  0]LogConfig: Setting CVar [[gc.AllowParallelGC:1]]
[2019.12.10-05.16.03:087][  0]LogConfig: Setting CVar [[gc.TimeBetweenPurgingPendingKillObjects:61.1]]
[2019.12.10-05.16.03:087][  0]LogConfig: Setting CVar [[gc.MaxObjectsInEditor:16777216]]
[2019.12.10-05.16.03:087][  0]LogConfig: Setting CVar [[gc.IncrementalBeginDestroyEnabled:1]]
[2019.12.10-05.16.03:087][  0]LogConfig: Setting CVar [[gc.CreateGCClusters:1]]
[2019.12.10-05.16.03:087][  0]LogConfig: Setting CVar [[gc.MinGCClusterSize:5]]
[2019.12.10-05.16.03:087][  0]LogConfig: Setting CVar [[gc.ActorClusteringEnabled:0]]
[2019.12.10-05.16.03:087][  0]LogConfig: Setting CVar [[gc.BlueprintClusteringEnabled:0]]
[2019.12.10-05.16.03:087][  0]LogConfig: Setting CVar [[gc.UseDisregardForGCOnDedicatedServers:0]]
[2019.12.10-05.16.03:087][  0]LogConfig: Applying CVar settings from Section [/Script/Engine.NetworkSettings] File [C:/Users/Enrique/Documents/GitHub/Narutaco/Narutaco/Saved/Config/Windows/Engine.ini]
[2019.12.10-05.16.03:087][  0]LogConfig: Applying CVar settings from Section [/Script/UnrealEd.CookerSettings] File [C:/Users/Enrique/Documents/GitHub/Narutaco/Narutaco/Saved/Config/Windows/Engine.ini]
[2019.12.10-05.16.03:197][  0]LogConfig: Applying CVar settings from Section [ViewDistanceQuality@3] File [C:/Users/Enrique/Documents/GitHub/Narutaco/Narutaco/Saved/Config/Windows/Scalability.ini]
[2019.12.10-05.16.03:197][  0]LogConfig: Setting CVar [[r.SkeletalMeshLODBias:0]]
[2019.12.10-05.16.03:197][  0]LogConfig: Setting CVar [[r.ViewDistanceScale:1.0]]
[2019.12.10-05.16.03:197][  0]LogConfig: Applying CVar settings from Section [AntiAliasingQuality@3] File [C:/Users/Enrique/Documents/GitHub/Narutaco/Narutaco/Saved/Config/Windows/Scalability.ini]
[2019.12.10-05.16.03:197][  0]LogConfig: Setting CVar [[r.PostProcessAAQuality:4]]
[2019.12.10-05.16.03:197][  0]LogConfig: Applying CVar settings from Section [ShadowQuality@3] File [C:/Users/Enrique/Documents/GitHub/Narutaco/Narutaco/Saved/Config/Windows/Scalability.ini]
[2019.12.10-05.16.03:198][  0]LogConfig: Setting CVar [[r.LightFunctionQuality:1]]
[2019.12.10-05.16.03:198][  0]LogConfig: Setting CVar [[r.ShadowQuality:5]]
[2019.12.10-05.16.03:198][  0]LogConfig: Setting CVar [[r.Shadow.CSM.MaxCascades:10]]
[2019.12.10-05.16.03:198][  0]LogConfig: Setting CVar [[r.Shadow.MaxResolution:2048]]
[2019.12.10-05.16.03:198][  0]LogConfig: Setting CVar [[r.Shadow.MaxCSMResolution:2048]]
[2019.12.10-05.16.03:198][  0]LogConfig: Setting CVar [[r.Shadow.RadiusThreshold:0.01]]
[2019.12.10-05.16.03:198][  0]LogConfig: Setting CVar [[r.Shadow.DistanceScale:1.0]]
[2019.12.10-05.16.03:198][  0]LogConfig: Setting CVar [[r.Shadow.CSM.TransitionScale:1.0]]
[2019.12.10-05.16.03:198][  0]LogConfig: Setting CVar [[r.Shadow.PreShadowResolutionFactor:1.0]]
[2019.12.10-05.16.03:198][  0]LogConfig: Setting CVar [[r.DistanceFieldShadowing:1]]
[2019.12.10-05.16.03:198][  0]LogConfig: Setting CVar [[r.DistanceFieldAO:1]]
[2019.12.10-05.16.03:198][  0]LogConfig: Setting CVar [[r.AOQuality:2]]
[2019.12.10-05.16.03:198][  0]LogConfig: Setting CVar [[r.VolumetricFog:1]]
[2019.12.10-05.16.03:198][  0]LogConfig: Setting CVar [[r.VolumetricFog.GridPixelSize:8]]
[2019.12.10-05.16.03:198][  0]LogConfig: Setting CVar [[r.VolumetricFog.GridSizeZ:128]]
[2019.12.10-05.16.03:198][  0]LogConfig: Setting CVar [[r.VolumetricFog.HistoryMissSupersampleCount:4]]
[2019.12.10-05.16.03:198][  0]LogConfig: Setting CVar [[r.LightMaxDrawDistanceScale:1]]
[2019.12.10-05.16.03:198][  0]LogConfig: Setting CVar [[r.CapsuleShadows:1]]
[2019.12.10-05.16.03:198][  0]LogConfig: Applying CVar settings from Section [PostProcessQuality@3] File [C:/Users/Enrique/Documents/GitHub/Narutaco/Narutaco/Saved/Config/Windows/Scalability.ini]
[2019.12.10-05.16.03:198][  0]LogConfig: Setting CVar [[r.MotionBlurQuality:4]]
[2019.12.10-05.16.03:198][  0]LogConfig: Setting CVar [[r.AmbientOcclusionMipLevelFactor:0.4]]
[2019.12.10-05.16.03:199][  0]LogConfig: Setting CVar [[r.AmbientOcclusionMaxQuality:100]]
[2019.12.10-05.16.03:199][  0]LogConfig: Setting CVar [[r.AmbientOcclusionLevels:-1]]
[2019.12.10-05.16.03:199][  0]LogConfig: Setting CVar [[r.AmbientOcclusionRadiusScale:1.0]]
[2019.12.10-05.16.03:199][  0]LogConfig: Setting CVar [[r.DepthOfFieldQuality:2]]
[2019.12.10-05.16.03:199][  0]LogConfig: Setting CVar [[r.RenderTargetPoolMin:400]]
[2019.12.10-05.16.03:199][  0]LogConfig: Setting CVar [[r.LensFlareQuality:2]]
[2019.12.10-05.16.03:199][  0]LogConfig: Setting CVar [[r.SceneColorFringeQuality:1]]
[2019.12.10-05.16.03:199][  0]LogConfig: Setting CVar [[r.EyeAdaptationQuality:2]]
[2019.12.10-05.16.03:199][  0]LogConfig: Setting CVar [[r.BloomQuality:5]]
[2019.12.10-05.16.03:199][  0]LogConfig: Setting CVar [[r.FastBlurThreshold:100]]
[2019.12.10-05.16.03:199][  0]LogConfig: Setting CVar [[r.Upscale.Quality:3]]
[2019.12.10-05.16.03:199][  0]LogConfig: Setting CVar [[r.Tonemapper.GrainQuantization:1]]
[2019.12.10-05.16.03:199][  0]LogConfig: Setting CVar [[r.LightShaftQuality:1]]
[2019.12.10-05.16.03:199][  0]LogConfig: Setting CVar [[r.Filter.SizeScale:1]]
[2019.12.10-05.16.03:199][  0]LogConfig: Setting CVar [[r.Tonemapper.Quality:5]]
[2019.12.10-05.16.03:199][  0]LogConfig: Setting CVar [[r.DOF.Gather.AccumulatorQuality:1        ; higher gathering accumulator quality]]
[2019.12.10-05.16.03:199][  0]LogConfig: Setting CVar [[r.DOF.Gather.PostfilterMethod:1          ; Median3x3 postfilering method]]
[2019.12.10-05.16.03:199][  0]LogConfig: Setting CVar [[r.DOF.Gather.EnableBokehSettings:0       ; no bokeh simulation when gathering]]
[2019.12.10-05.16.03:199][  0]LogConfig: Setting CVar [[r.DOF.Gather.RingCount:4                 ; medium number of samples when gathering]]
[2019.12.10-05.16.03:199][  0]LogConfig: Setting CVar [[r.DOF.Scatter.ForegroundCompositing:1    ; additive foreground scattering]]
[2019.12.10-05.16.03:200][  0]LogConfig: Setting CVar [[r.DOF.Scatter.BackgroundCompositing:2    ; additive background scattering]]
[2019.12.10-05.16.03:200][  0]LogConfig: Setting CVar [[r.DOF.Scatter.EnableBokehSettings:1      ; bokeh simulation when scattering]]
[2019.12.10-05.16.03:200][  0]LogConfig: Setting CVar [[r.DOF.Scatter.MaxSpriteRatio:0.1         ; only a maximum of 10% of scattered bokeh]]
[2019.12.10-05.16.03:200][  0]LogConfig: Setting CVar [[r.DOF.Recombine.Quality:1                ; cheap slight out of focus]]
[2019.12.10-05.16.03:200][  0]LogConfig: Setting CVar [[r.DOF.Recombine.EnableBokehSettings:0    ; no bokeh simulation on slight out of focus]]
[2019.12.10-05.16.03:200][  0]LogConfig: Setting CVar [[r.DOF.TemporalAAQuality:1                ; more stable temporal accumulation]]
[2019.12.10-05.16.03:200][  0]LogConfig: Setting CVar [[r.DOF.Kernel.MaxForegroundRadius:0.025]]
[2019.12.10-05.16.03:200][  0]LogConfig: Setting CVar [[r.DOF.Kernel.MaxBackgroundRadius:0.025]]
[2019.12.10-05.16.03:200][  0]LogConfig: Applying CVar settings from Section [TextureQuality@3] File [C:/Users/Enrique/Documents/GitHub/Narutaco/Narutaco/Saved/Config/Windows/Scalability.ini]
[2019.12.10-05.16.03:200][  0]LogConfig: Setting CVar [[r.Streaming.MipBias:0]]
[2019.12.10-05.16.03:200][  0]LogConfig: Setting CVar [[r.Streaming.AmortizeCPUToGPUCopy:0]]
[2019.12.10-05.16.03:200][  0]LogConfig: Setting CVar [[r.Streaming.MaxNumTexturesToStreamPerFrame:0]]
[2019.12.10-05.16.03:200][  0]LogConfig: Setting CVar [[r.Streaming.Boost:1]]
[2019.12.10-05.16.03:200][  0]LogConfig: Setting CVar [[r.MaxAnisotropy:8]]
[2019.12.10-05.16.03:200][  0]LogConfig: Setting CVar [[r.Streaming.LimitPoolSizeToVRAM:0]]
[2019.12.10-05.16.03:200][  0]LogConfig: Setting CVar [[r.Streaming.PoolSize:1000]]
[2019.12.10-05.16.03:200][  0]LogConfig: Setting CVar [[r.Streaming.MaxEffectiveScreenSize:0]]
[2019.12.10-05.16.03:200][  0]LogConfig: Applying CVar settings from Section [EffectsQuality@3] File [C:/Users/Enrique/Documents/GitHub/Narutaco/Narutaco/Saved/Config/Windows/Scalability.ini]
[2019.12.10-05.16.03:200][  0]LogConfig: Setting CVar [[r.TranslucencyLightingVolumeDim:64]]
[2019.12.10-05.16.03:200][  0]LogConfig: Setting CVar [[r.RefractionQuality:2]]
[2019.12.10-05.16.03:201][  0]LogConfig: Setting CVar [[r.SSR.Quality:3]]
[2019.12.10-05.16.03:201][  0]LogConfig: Setting CVar [[r.SceneColorFormat:4]]
[2019.12.10-05.16.03:201][  0]LogConfig: Setting CVar [[r.DetailMode:2]]
[2019.12.10-05.16.03:201][  0]LogConfig: Setting CVar [[r.TranslucencyVolumeBlur:1]]
[2019.12.10-05.16.03:201][  0]LogConfig: Setting CVar [[r.MaterialQualityLevel:1 ; High quality]]
[2019.12.10-05.16.03:201][  0]LogConfig: Setting CVar [[r.SSS.Scale:1]]
[2019.12.10-05.16.03:201][  0]LogConfig: Setting CVar [[r.SSS.SampleSet:2]]
[2019.12.10-05.16.03:201][  0]LogConfig: Setting CVar [[r.SSS.Quality:1]]
[2019.12.10-05.16.03:201][  0]LogConfig: Setting CVar [[r.SSS.HalfRes:1]]
[2019.12.10-05.16.03:201][  0]LogConfig: Setting CVar [[r.EmitterSpawnRateScale:1.0]]
[2019.12.10-05.16.03:201][  0]LogConfig: Setting CVar [[r.ParticleLightQuality:2]]
[2019.12.10-05.16.03:201][  0]LogConfig: Applying CVar settings from Section [FoliageQuality@3] File [C:/Users/Enrique/Documents/GitHub/Narutaco/Narutaco/Saved/Config/Windows/Scalability.ini]
[2019.12.10-05.16.03:201][  0]LogConfig: Setting CVar [[foliage.DensityScale:1.0]]
[2019.12.10-05.16.03:201][  0]LogConfig: Setting CVar [[grass.DensityScale:1.0]]
[2019.12.10-05.16.03:215][  0]LogInit: Selected Device Profile: [Windows]
[2019.12.10-05.16.03:216][  0]LogInit: Applying CVar settings loaded from the selected device profile: [Windows]
[2019.12.10-05.16.03:304][  0]LogHAL: Display: Platform has ~ 8 GB [8497946624 / 8589934592 / 8], which maps to Default [LargestMinGB=32, LargerMinGB=12, DefaultMinGB=8, SmallerMinGB=6, SmallestMinGB=0)
[2019.12.10-05.16.03:361][  0]LogConfig: Setting CVar [[r.Vulkan.UseRealUBs:0		; Required until we fix HLR fall-out]]
[2019.12.10-05.16.03:361][  0]LogInit: Going up to parent DeviceProfile []
[2019.12.10-05.16.03:370][  0]LogConfig: Applying CVar settings from Section [ViewDistanceQuality@3] File [C:/Users/Enrique/Documents/GitHub/Narutaco/Narutaco/Saved/Config/Windows/Scalability.ini]
[2019.12.10-05.16.03:370][  0]LogConfig: Setting CVar [[r.SkeletalMeshLODBias:0]]
[2019.12.10-05.16.03:370][  0]LogConfig: Setting CVar [[r.ViewDistanceScale:1.0]]
[2019.12.10-05.16.03:370][  0]LogConfig: Applying CVar settings from Section [AntiAliasingQuality@3] File [C:/Users/Enrique/Documents/GitHub/Narutaco/Narutaco/Saved/Config/Windows/Scalability.ini]
[2019.12.10-05.16.03:370][  0]LogConfig: Setting CVar [[r.PostProcessAAQuality:4]]
[2019.12.10-05.16.03:370][  0]LogConfig: Applying CVar settings from Section [ShadowQuality@3] File [C:/Users/Enrique/Documents/GitHub/Narutaco/Narutaco/Saved/Config/Windows/Scalability.ini]
[2019.12.10-05.16.03:371][  0]LogConfig: Setting CVar [[r.LightFunctionQuality:1]]
[2019.12.10-05.16.03:371][  0]LogConfig: Setting CVar [[r.ShadowQuality:5]]
[2019.12.10-05.16.03:371][  0]LogConfig: Setting CVar [[r.Shadow.CSM.MaxCascades:10]]
[2019.12.10-05.16.03:371][  0]LogConfig: Setting CVar [[r.Shadow.MaxResolution:2048]]
[2019.12.10-05.16.03:371][  0]LogConfig: Setting CVar [[r.Shadow.MaxCSMResolution:2048]]
[2019.12.10-05.16.03:371][  0]LogConfig: Setting CVar [[r.Shadow.RadiusThreshold:0.01]]
[2019.12.10-05.16.03:371][  0]LogConfig: Setting CVar [[r.Shadow.DistanceScale:1.0]]
[2019.12.10-05.16.03:371][  0]LogConfig: Setting CVar [[r.Shadow.CSM.TransitionScale:1.0]]
[2019.12.10-05.16.03:371][  0]LogConfig: Setting CVar [[r.Shadow.PreShadowResolutionFactor:1.0]]
[2019.12.10-05.16.03:371][  0]LogConfig: Setting CVar [[r.DistanceFieldShadowing:1]]
[2019.12.10-05.16.03:371][  0]LogConfig: Setting CVar [[r.DistanceFieldAO:1]]
[2019.12.10-05.16.03:371][  0]LogConfig: Setting CVar [[r.AOQuality:2]]
[2019.12.10-05.16.03:371][  0]LogConfig: Setting CVar [[r.VolumetricFog:1]]
[2019.12.10-05.16.03:371][  0]LogConfig: Setting CVar [[r.VolumetricFog.GridPixelSize:8]]
[2019.12.10-05.16.03:371][  0]LogConfig: Setting CVar [[r.VolumetricFog.GridSizeZ:128]]
[2019.12.10-05.16.03:371][  0]LogConfig: Setting CVar [[r.VolumetricFog.HistoryMissSupersampleCount:4]]
[2019.12.10-05.16.03:371][  0]LogConfig: Setting CVar [[r.LightMaxDrawDistanceScale:1]]
[2019.12.10-05.16.03:371][  0]LogConfig: Setting CVar [[r.CapsuleShadows:1]]
[2019.12.10-05.16.03:371][  0]LogConfig: Applying CVar settings from Section [PostProcessQuality@3] File [C:/Users/Enrique/Documents/GitHub/Narutaco/Narutaco/Saved/Config/Windows/Scalability.ini]
[2019.12.10-05.16.03:372][  0]LogConfig: Setting CVar [[r.MotionBlurQuality:4]]
[2019.12.10-05.16.03:372][  0]LogConfig: Setting CVar [[r.AmbientOcclusionMipLevelFactor:0.4]]
[2019.12.10-05.16.03:372][  0]LogConfig: Setting CVar [[r.AmbientOcclusionMaxQuality:100]]
[2019.12.10-05.16.03:372][  0]LogConfig: Setting CVar [[r.AmbientOcclusionLevels:-1]]
[2019.12.10-05.16.03:372][  0]LogConfig: Setting CVar [[r.AmbientOcclusionRadiusScale:1.0]]
[2019.12.10-05.16.03:372][  0]LogConfig: Setting CVar [[r.DepthOfFieldQuality:2]]
[2019.12.10-05.16.03:372][  0]LogConfig: Setting CVar [[r.RenderTargetPoolMin:400]]
[2019.12.10-05.16.03:372][  0]LogConfig: Setting CVar [[r.LensFlareQuality:2]]
[2019.12.10-05.16.03:372][  0]LogConfig: Setting CVar [[r.SceneColorFringeQuality:1]]
[2019.12.10-05.16.03:372][  0]LogConfig: Setting CVar [[r.EyeAdaptationQuality:2]]
[2019.12.10-05.16.03:372][  0]LogConfig: Setting CVar [[r.BloomQuality:5]]
[2019.12.10-05.16.03:372][  0]LogConfig: Setting CVar [[r.FastBlurThreshold:100]]
[2019.12.10-05.16.03:372][  0]LogConfig: Setting CVar [[r.Upscale.Quality:3]]
[2019.12.10-05.16.03:372][  0]LogConfig: Setting CVar [[r.Tonemapper.GrainQuantization:1]]
[2019.12.10-05.16.03:372][  0]LogConfig: Setting CVar [[r.LightShaftQuality:1]]
[2019.12.10-05.16.03:372][  0]LogConfig: Setting CVar [[r.Filter.SizeScale:1]]
[2019.12.10-05.16.03:372][  0]LogConfig: Setting CVar [[r.Tonemapper.Quality:5]]
[2019.12.10-05.16.03:372][  0]LogConfig: Setting CVar [[r.DOF.Gather.AccumulatorQuality:1        ; higher gathering accumulator quality]]
[2019.12.10-05.16.03:372][  0]LogConfig: Setting CVar [[r.DOF.Gather.PostfilterMethod:1          ; Median3x3 postfilering method]]
[2019.12.10-05.16.03:372][  0]LogConfig: Setting CVar [[r.DOF.Gather.EnableBokehSettings:0       ; no bokeh simulation when gathering]]
[2019.12.10-05.16.03:373][  0]LogConfig: Setting CVar [[r.DOF.Gather.RingCount:4                 ; medium number of samples when gathering]]
[2019.12.10-05.16.03:373][  0]LogConfig: Setting CVar [[r.DOF.Scatter.ForegroundCompositing:1    ; additive foreground scattering]]
[2019.12.10-05.16.03:373][  0]LogConfig: Setting CVar [[r.DOF.Scatter.BackgroundCompositing:2    ; additive background scattering]]
[2019.12.10-05.16.03:373][  0]LogConfig: Setting CVar [[r.DOF.Scatter.EnableBokehSettings:1      ; bokeh simulation when scattering]]
[2019.12.10-05.16.03:373][  0]LogConfig: Setting CVar [[r.DOF.Scatter.MaxSpriteRatio:0.1         ; only a maximum of 10% of scattered bokeh]]
[2019.12.10-05.16.03:373][  0]LogConfig: Setting CVar [[r.DOF.Recombine.Quality:1                ; cheap slight out of focus]]
[2019.12.10-05.16.03:373][  0]LogConfig: Setting CVar [[r.DOF.Recombine.EnableBokehSettings:0    ; no bokeh simulation on slight out of focus]]
[2019.12.10-05.16.03:373][  0]LogConfig: Setting CVar [[r.DOF.TemporalAAQuality:1                ; more stable temporal accumulation]]
[2019.12.10-05.16.03:373][  0]LogConfig: Setting CVar [[r.DOF.Kernel.MaxForegroundRadius:0.025]]
[2019.12.10-05.16.03:373][  0]LogConfig: Setting CVar [[r.DOF.Kernel.MaxBackgroundRadius:0.025]]
[2019.12.10-05.16.03:373][  0]LogConfig: Applying CVar settings from Section [TextureQuality@3] File [C:/Users/Enrique/Documents/GitHub/Narutaco/Narutaco/Saved/Config/Windows/Scalability.ini]
[2019.12.10-05.16.03:373][  0]LogConfig: Setting CVar [[r.Streaming.MipBias:0]]
[2019.12.10-05.16.03:373][  0]LogConfig: Setting CVar [[r.Streaming.AmortizeCPUToGPUCopy:0]]
[2019.12.10-05.16.03:373][  0]LogConfig: Setting CVar [[r.Streaming.MaxNumTexturesToStreamPerFrame:0]]
[2019.12.10-05.16.03:373][  0]LogConfig: Setting CVar [[r.Streaming.Boost:1]]
[2019.12.10-05.16.03:373][  0]LogConfig: Setting CVar [[r.MaxAnisotropy:8]]
[2019.12.10-05.16.03:373][  0]LogConfig: Setting CVar [[r.Streaming.LimitPoolSizeToVRAM:0]]
[2019.12.10-05.16.03:373][  0]LogConfig: Setting CVar [[r.Streaming.PoolSize:1000]]
[2019.12.10-05.16.03:373][  0]LogConfig: Setting CVar [[r.Streaming.MaxEffectiveScreenSize:0]]
[2019.12.10-05.16.03:373][  0]LogConfig: Applying CVar settings from Section [EffectsQuality@3] File [C:/Users/Enrique/Documents/GitHub/Narutaco/Narutaco/Saved/Config/Windows/Scalability.ini]
[2019.12.10-05.16.03:374][  0]LogConfig: Setting CVar [[r.TranslucencyLightingVolumeDim:64]]
[2019.12.10-05.16.03:374][  0]LogConfig: Setting CVar [[r.RefractionQuality:2]]
[2019.12.10-05.16.03:374][  0]LogConfig: Setting CVar [[r.SSR.Quality:3]]
[2019.12.10-05.16.03:374][  0]LogConfig: Setting CVar [[r.SceneColorFormat:4]]
[2019.12.10-05.16.03:374][  0]LogConfig: Setting CVar [[r.DetailMode:2]]
[2019.12.10-05.16.03:374][  0]LogConfig: Setting CVar [[r.TranslucencyVolumeBlur:1]]
[2019.12.10-05.16.03:374][  0]LogConfig: Setting CVar [[r.MaterialQualityLevel:1 ; High quality]]
[2019.12.10-05.16.03:374][  0]LogConfig: Setting CVar [[r.SSS.Scale:1]]
[2019.12.10-05.16.03:374][  0]LogConfig: Setting CVar [[r.SSS.SampleSet:2]]
[2019.12.10-05.16.03:374][  0]LogConfig: Setting CVar [[r.SSS.Quality:1]]
[2019.12.10-05.16.03:374][  0]LogConfig: Setting CVar [[r.SSS.HalfRes:1]]
[2019.12.10-05.16.03:374][  0]LogConfig: Setting CVar [[r.EmitterSpawnRateScale:1.0]]
[2019.12.10-05.16.03:374][  0]LogConfig: Setting CVar [[r.ParticleLightQuality:2]]
[2019.12.10-05.16.03:374][  0]LogConfig: Applying CVar settings from Section [FoliageQuality@3] File [C:/Users/Enrique/Documents/GitHub/Narutaco/Narutaco/Saved/Config/Windows/Scalability.ini]
[2019.12.10-05.16.03:374][  0]LogConfig: Setting CVar [[foliage.DensityScale:1.0]]
[2019.12.10-05.16.03:374][  0]LogConfig: Setting CVar [[grass.DensityScale:1.0]]
[2019.12.10-05.16.03:374][  0]LogConfig: Applying CVar settings from Section [Startup] File [../../../Engine/Config/ConsoleVariables.ini]
[2019.12.10-05.16.03:389][  0]LogConfig: Setting CVar [[net.UseAdaptiveNetUpdateFrequency:0]]
[2019.12.10-05.16.03:389][  0]LogConfig: Setting CVar [[p.chaos.AllowCreatePhysxBodies:1]]
[2019.12.10-05.16.03:389][  0]LogConfig: Applying CVar settings from Section [ConsoleVariables] File [C:/Users/Enrique/Documents/GitHub/Narutaco/Narutaco/Saved/Config/Windows/Engine.ini]
[2019.12.10-05.16.03:409][  0]LogInit: Computer: DESKTOP-57RSJVK
[2019.12.10-05.16.03:409][  0]LogInit: User: Enrique
[2019.12.10-05.16.03:409][  0]LogInit: CPU Page size=4096, Cores=4
[2019.12.10-05.16.03:409][  0]LogInit: High frequency timer resolution =10.000000 MHz
[2019.12.10-05.16.03:430][  0]LogMemory: Memory total: Physical=7.9GB (8GB approx)
[2019.12.10-05.16.03:430][  0]LogMemory: Platform Memory Stats for Windows
[2019.12.10-05.16.03:430][  0]LogMemory: Process Physical Memory: 97.25 MB used, 97.26 MB peak
[2019.12.10-05.16.03:431][  0]LogMemory: Process Virtual Memory: 88.64 MB used, 88.64 MB peak
[2019.12.10-05.16.03:431][  0]LogMemory: Physical Memory: 3425.25 MB used,  4679.02 MB free, 8104.27 MB total
[2019.12.10-05.16.03:431][  0]LogMemory: Virtual Memory: 4642.26 MB used,  134213088.00 MB free, 134217728.00 MB total
[2019.12.10-05.16.04:369][  0]LogInit: Using OS detected language (en-US).
[2019.12.10-05.16.04:369][  0]LogInit: Using OS detected locale (en-US).
[2019.12.10-05.16.04:391][  0]LogTextLocalizationManager: No specific localization for 'en-US' exists, so the 'en' localization will be used.
[2019.12.10-05.16.05:643][  0]LogInit: Setting process to per monitor DPI aware
[2019.12.10-05.16.06:884][  0]LogSlate: New Slate User Created.  User Index 0, Is Virtual User: 0
[2019.12.10-05.16.06:884][  0]LogSlate: Slate User Registered.  User Index 0, Is Virtual User: 0
[2019.12.10-05.16.12:843][  0]LogHMD: Failed to initialize OpenVR with code 110
[2019.12.10-05.16.12:843][  0]LogD3D11RHI: D3D11 adapters:
[2019.12.10-05.16.13:188][  0]LogD3D11RHI:    0. 'NVIDIA GeForce GTX 860M' (Feature Level 11_0)
[2019.12.10-05.16.13:188][  0]LogD3D11RHI:       2010/0/4052 MB DedicatedVideo/DedicatedSystem/SharedSystem, Outputs:1, VendorId:0x10de
[2019.12.10-05.16.13:245][  0]LogD3D11RHI:    1. 'Intel(R) HD Graphics 4600' (Feature Level 11_0)
[2019.12.10-05.16.13:245][  0]LogD3D11RHI:       112/0/2048 MB DedicatedVideo/DedicatedSystem/SharedSystem, Outputs:0, VendorId:0x8086
[2019.12.10-05.16.13:651][  0]LogD3D11RHI:    2. 'Microsoft Basic Render Driver' (Feature Level 11_0)
[2019.12.10-05.16.13:651][  0]LogD3D11RHI:       0/0/4052 MB DedicatedVideo/DedicatedSystem/SharedSystem, Outputs:0, VendorId:0x1414
[2019.12.10-05.16.13:651][  0]LogD3D11RHI: Chosen D3D11 Adapter: 0
[2019.12.10-05.16.13:768][  0]LogD3D11RHI: Creating new Direct3DDevice
[2019.12.10-05.16.13:768][  0]LogD3D11RHI:     GPU DeviceId: 0x1392 (for the marketing name, search the web for "GPU Device Id")
[2019.12.10-05.16.13:768][  0]LogWindows: EnumDisplayDevices:
[2019.12.10-05.16.13:769][  0]LogWindows:    0. 'Intel(R) HD Graphics 4600' (P:1 D:1)
[2019.12.10-05.16.13:770][  0]LogWindows:    1. 'Intel(R) HD Graphics 4600' (P:0 D:0)
[2019.12.10-05.16.13:772][  0]LogWindows:    2. 'Intel(R) HD Graphics 4600' (P:0 D:0)
[2019.12.10-05.16.13:773][  0]LogWindows: DebugString: PrimaryIsNotTheChoosenAdapter PrimaryIsNotTheChoosenAdapter PrimaryIsNotTheChoosenAdapter FoundDriverCount:0 
[2019.12.10-05.16.13:773][  0]LogD3D11RHI:     Adapter Name: NVIDIA GeForce GTX 860M
[2019.12.10-05.16.13:773][  0]LogD3D11RHI:   Driver Version: Unknown (internal:Unknown, unified:Unknown)
[2019.12.10-05.16.13:773][  0]LogD3D11RHI:      Driver Date: Unknown
[2019.12.10-05.16.13:773][  0]LogRHI: Texture pool is 1407 MB (70% of 2010 MB)
[2019.12.10-05.16.13:962][  0]LogD3D11RHI: Async texture creation enabled
[2019.12.10-05.16.14:304][  0]LogRendererCore: FGlobalReadBuffer::InitRHI
[2019.12.10-05.16.14:345][  0]LogRendererCore: FGlobalReadBuffer::InitRHI
[2019.12.10-05.16.14:345][  0]LogRendererCore: FGlobalReadBuffer::InitRHI
[2019.12.10-05.16.14:455][  0]LogD3D11RHI: GPU Timing Frequency: 1000.000000 (Debug: 2 6)
[2019.12.10-05.16.16:816][  0]LogTemp: Display: Module 'AllDesktopTargetPlatform' loaded TargetPlatform 'AllDesktop'
[2019.12.10-05.16.16:901][  0]LogTemp: Display: Module 'MacClientTargetPlatform' loaded TargetPlatform 'MacClient'
[2019.12.10-05.16.16:970][  0]LogTemp: Display: Module 'MacNoEditorTargetPlatform' loaded TargetPlatform 'MacNoEditor'
[2019.12.10-05.16.17:035][  0]LogTemp: Display: Module 'MacServerTargetPlatform' loaded TargetPlatform 'MacServer'
[2019.12.10-05.16.17:128][  0]LogTemp: Display: Module 'MacTargetPlatform' loaded TargetPlatform 'Mac'
[2019.12.10-05.16.17:188][  0]LogTemp: Display: Module 'WindowsClientTargetPlatform' loaded TargetPlatform 'WindowsClient'
[2019.12.10-05.16.17:241][  0]LogTemp: Display: Module 'WindowsNoEditorTargetPlatform' loaded TargetPlatform 'WindowsNoEditor'
[2019.12.10-05.16.17:291][  0]LogTemp: Display: Module 'WindowsServerTargetPlatform' loaded TargetPlatform 'WindowsServer'
[2019.12.10-05.16.17:319][  0]LogTemp: Display: Module 'WindowsTargetPlatform' loaded TargetPlatform 'Windows'
[2019.12.10-05.16.17:475][  0]LogTemp: Display: Module 'AndroidTargetPlatform' loaded TargetPlatform 'Android'
[2019.12.10-05.16.17:475][  0]LogTemp: Display: Module 'AndroidTargetPlatform' loaded TargetPlatform 'Android_ASTC'
[2019.12.10-05.16.17:475][  0]LogTemp: Display: Module 'AndroidTargetPlatform' loaded TargetPlatform 'Android_ATC'
[2019.12.10-05.16.17:475][  0]LogTemp: Display: Module 'AndroidTargetPlatform' loaded TargetPlatform 'Android_DXT'
[2019.12.10-05.16.17:475][  0]LogTemp: Display: Module 'AndroidTargetPlatform' loaded TargetPlatform 'Android_ETC1'
[2019.12.10-05.16.17:475][  0]LogTemp: Display: Module 'AndroidTargetPlatform' loaded TargetPlatform 'Android_ETC1a'
[2019.12.10-05.16.17:475][  0]LogTemp: Display: Module 'AndroidTargetPlatform' loaded TargetPlatform 'Android_ETC2'
[2019.12.10-05.16.17:475][  0]LogTemp: Display: Module 'AndroidTargetPlatform' loaded TargetPlatform 'Android_PVRTC'
[2019.12.10-05.16.17:475][  0]LogTemp: Display: Module 'AndroidTargetPlatform' loaded TargetPlatform 'AndroidClient'
[2019.12.10-05.16.17:475][  0]LogTemp: Display: Module 'AndroidTargetPlatform' loaded TargetPlatform 'Android_ASTCClient'
[2019.12.10-05.16.17:475][  0]LogTemp: Display: Module 'AndroidTargetPlatform' loaded TargetPlatform 'Android_ATCClient'
[2019.12.10-05.16.17:475][  0]LogTemp: Display: Module 'AndroidTargetPlatform' loaded TargetPlatform 'Android_DXTClient'
[2019.12.10-05.16.17:475][  0]LogTemp: Display: Module 'AndroidTargetPlatform' loaded TargetPlatform 'Android_ETC1Client'
[2019.12.10-05.16.17:476][  0]LogTemp: Display: Module 'AndroidTargetPlatform' loaded TargetPlatform 'Android_ETC1aClient'
[2019.12.10-05.16.17:476][  0]LogTemp: Display: Module 'AndroidTargetPlatform' loaded TargetPlatform 'Android_ETC2Client'
[2019.12.10-05.16.17:476][  0]LogTemp: Display: Module 'AndroidTargetPlatform' loaded TargetPlatform 'Android_PVRTCClient'
[2019.12.10-05.16.17:476][  0]LogTemp: Display: Module 'AndroidTargetPlatform' loaded TargetPlatform 'Android_Multi'
[2019.12.10-05.16.17:476][  0]LogTemp: Display: Module 'AndroidTargetPlatform' loaded TargetPlatform 'Android_MultiClient'
[2019.12.10-05.16.17:499][  0]LogTemp: Display: Module 'HTML5TargetPlatform' loaded TargetPlatform 'HTML5'
[2019.12.10-05.16.17:719][  0]LogTemp: Display: Module 'IOSTargetPlatform' loaded TargetPlatform 'IOSClient'
[2019.12.10-05.16.17:719][  0]LogTemp: Display: Module 'IOSTargetPlatform' loaded TargetPlatform 'IOS'
[2019.12.10-05.16.17:820][  0]LogTemp: Display: Module 'TVOSTargetPlatform' loaded TargetPlatform 'TVOSClient'
[2019.12.10-05.16.17:820][  0]LogTemp: Display: Module 'TVOSTargetPlatform' loaded TargetPlatform 'TVOS'
[2019.12.10-05.16.17:876][  0]LogTemp: Display: Module 'LinuxClientTargetPlatform' loaded TargetPlatform 'LinuxClient'
[2019.12.10-05.16.17:954][  0]LogTemp: Display: Module 'LinuxNoEditorTargetPlatform' loaded TargetPlatform 'LinuxNoEditor'
[2019.12.10-05.16.18:025][  0]LogTemp: Display: Module 'LinuxServerTargetPlatform' loaded TargetPlatform 'LinuxServer'
[2019.12.10-05.16.18:113][  0]LogTemp: Display: Module 'LinuxTargetPlatform' loaded TargetPlatform 'Linux'
[2019.12.10-05.16.18:281][  0]LogTemp: Display: Module 'LuminTargetPlatform' loaded TargetPlatform 'Lumin'
[2019.12.10-05.16.18:282][  0]LogTemp: Display: Module 'LuminTargetPlatform' loaded TargetPlatform 'LuminClient'
[2019.12.10-05.16.18:282][  0]LogTargetPlatformManager: Display: Building Assets For Windows
[2019.12.10-05.16.18:416][  0]LogAudioDebug: Display: Lib vorbis DLL was dynamically loaded.
[2019.12.10-05.16.19:254][  0]LogShaderCompilers: Guid format shader working directory is -19 characters bigger than the processId version (../../../../../../Users/Enrique/Documents/GitHub/Narutaco/Narutaco/Intermediate/Shaders/WorkingDirectory/14776/).
[2019.12.10-05.16.19:254][  0]LogShaderCompilers: Cleaned the shader compiler working directory 'C:/Users/Enrique/AppData/Local/Temp/UnrealShaderWorkingDir/A5314208421D3C78B5AEE0B71A5711A7/'.
[2019.12.10-05.16.19:299][  0]LogXGEController: Cleaning working directory: C:/Users/Enrique/AppData/Local/Temp/UnrealXGEWorkingDir/
[2019.12.10-05.16.19:300][  0]LogXGEController: Cannot use XGE Controller as Incredibuild is not installed on this machine.
[2019.12.10-05.16.19:300][  0]LogShaderCompilers: Cannot use XGE Shader Compiler as Incredibuild is not installed on this machine.
[2019.12.10-05.16.19:300][  0]LogShaderCompilers: Display: Using Local Shader Compiler.
[2019.12.10-05.16.26:240][  0]LogDerivedDataCache: Display: Max Cache Size: 512 MB
[2019.12.10-05.16.27:166][  0]LogDerivedDataCache: Loaded boot cache 0.91s 71MB C:/Users/Enrique/AppData/Local/UnrealEngine/4.22/DerivedDataCache/Boot.ddc.
[2019.12.10-05.16.27:166][  0]LogDerivedDataCache: Display: Loaded Boot cache: C:/Users/Enrique/AppData/Local/UnrealEngine/4.22/DerivedDataCache/Boot.ddc
[2019.12.10-05.16.27:166][  0]LogDerivedDataCache: FDerivedDataBackendGraph:  Pak pak cache file ../../../../../../Users/Enrique/Documents/GitHub/Narutaco/Narutaco/DerivedDataCache/DDC.ddp not found, will not use a pak cache.
[2019.12.10-05.16.27:166][  0]LogDerivedDataCache: Unable to find inner node Pak for hierarchical cache Hierarchy.
[2019.12.10-05.16.27:167][  0]LogDerivedDataCache: FDerivedDataBackendGraph:  CompressedPak pak cache file ../../../../../../Users/Enrique/Documents/GitHub/Narutaco/Narutaco/DerivedDataCache/Compressed.ddp not found, will not use a pak cache.
[2019.12.10-05.16.27:167][  0]LogDerivedDataCache: Unable to find inner node CompressedPak for hierarchical cache Hierarchy.
[2019.12.10-05.16.27:238][  0]LogDerivedDataCache: Display: Pak cache opened for reading ../../../Engine/DerivedDataCache/Compressed.ddp.
[2019.12.10-05.16.27:238][  0]LogDerivedDataCache: FDerivedDataBackendGraph:  EnterprisePak pak cache file ../../../Enterprise/DerivedDataCache/Compressed.ddp not found, will not use a pak cache.
[2019.12.10-05.16.27:238][  0]LogDerivedDataCache: Unable to find inner node EnterprisePak for hierarchical cache Hierarchy.
[2019.12.10-05.16.27:253][  0]LogDerivedDataCache: Using Local data cache path C:/Users/Enrique/AppData/Local/UnrealEngine/Common/DerivedDataCache: Writable
[2019.12.10-05.16.27:253][  0]LogDerivedDataCache: Shared data cache path not found in *engine.ini, will not use an Shared cache.
[2019.12.10-05.16.27:253][  0]LogDerivedDataCache: Unable to find inner node Shared for hierarchical cache Hierarchy.
[2019.12.10-05.16.27:414][  0]LogMaterial: Verifying Global Shaders for PCD3D_SM5
[2019.12.10-05.16.27:526][  0]LogSlate: Using FreeType 2.6.0
[2019.12.10-05.16.27:571][  0]LogSlate: SlateFontServices - WITH_FREETYPE: 1, WITH_HARFBUZZ: 1
[2019.12.10-05.16.29:675][  0]LogAssetRegistry: FAssetRegistry took 0.0796 seconds to start up
[2019.12.10-05.16.41:506][  0]LogInit: Selected Device Profile: [Windows]
[2019.12.10-05.16.46:329][  0]LogMeshReduction: Using QuadricMeshReduction for automatic static mesh reduction
[2019.12.10-05.16.46:329][  0]LogMeshReduction: Using SimplygonMeshReduction for automatic skeletal mesh reduction
[2019.12.10-05.16.46:329][  0]LogMeshReduction: Using ProxyLODMeshReduction for automatic mesh merging
[2019.12.10-05.16.46:329][  0]LogMeshReduction: No distributed automatic mesh merging module available
[2019.12.10-05.16.46:345][  0]LogMeshMerging: No distributed automatic mesh merging module available
[2019.12.10-05.16.47:558][  0]LogNetVersion: Narutaco 1.0.0, NetCL: 5660361, EngineNetVer: 10, GameNetVer: 0 (Checksum: 1127581655)
[2019.12.10-05.16.58:135][  0]LogPackageLocalizationCache: Processed 10 localized package path(s) for 1 prioritized culture(s) in 0.129854 seconds
[2019.12.10-05.16.58:171][  0]LogUObjectArray: 42205 objects as part of root set at end of initial load.
[2019.12.10-05.16.58:172][  0]LogUObjectAllocator: 7325032 out of 0 bytes used by permanent object pool.
[2019.12.10-05.16.58:172][  0]LogUObjectArray: CloseDisregardForGC: 0/0 objects in disregard for GC pool
[2019.12.10-05.17.28:141][  0]LogTcpMessaging: Initializing TcpMessaging bridge
[2019.12.10-05.17.28:180][  0]LogUdpMessaging: Initializing bridge on interface 0.0.0.0:0 to multicast group 230.0.0.1:6666.
[2019.12.10-05.17.29:038][  0]SourceControl: Source control is disabled
[2019.12.10-05.17.29:047][  0]SourceControl: Source control is disabled
[2019.12.10-05.17.29:175][  0]SourceControl: Source control is disabled
[2019.12.10-05.17.29:204][  0]SourceControl: Source control is disabled
[2019.12.10-05.17.29:266][  0]LogVSAccessor: Display: Unable to create Visual Studio setup instance: 80040154
[2019.12.10-05.17.29:268][  0]LogVSAccessor: Display: Unable to create Visual Studio setup instance: 80040154
[2019.12.10-05.17.30:570][  0]LogAndroidPermission: UAndroidPermissionCallbackProxy::GetInstance
[2019.12.10-05.17.31:547][  0]LogOcInput: OculusInput pre-init called
[2019.12.10-05.17.33:879][  0]LogEngine: Initializing Engine...
[2019.12.10-05.17.33:921][  0]LogHMD: Failed to initialize OpenVR with code 110
[2019.12.10-05.17.33:991][  0]LogStats: UGameplayTagsManager::InitializeManager -  0.060 s
[2019.12.10-05.17.34:624][  0]LogInit: Initializing FReadOnlyCVARCache
[2019.12.10-05.17.35:170][  0]LogAIModule: Creating AISystem for world Untitled
[2019.12.10-05.17.35:435][  0]LogInit: XAudio2 using 'Speakers (Realtek High Definition Audio)' : 2 channels at 48 kHz using 32 bits per sample (channel mask 0x3)
[2019.12.10-05.17.35:853][  0]LogInit: FAudioDevice initialized.
[2019.12.10-05.17.35:854][  0]LogNetVersion: Set ProjectVersion to 1.0.0.0. Version Checksum will be recalculated on next use.
[2019.12.10-05.17.36:112][  0]LogDerivedDataCache: Saved boot cache 0.26s 71MB C:/Users/Enrique/AppData/Local/UnrealEngine/4.22/DerivedDataCache/Boot.ddc.
[2019.12.10-05.17.36:123][  0]LogInit: Texture streaming: Enabled
[2019.12.10-05.17.36:700][  0]LogEngineSessionManager: EngineSessionManager initialized
[2019.12.10-05.17.37:154][  0]LogInit: Transaction tracking system initialized
[2019.12.10-05.17.37:922][  0]BlueprintLog: New page: Editor Load
[2019.12.10-05.17.39:757][  0]LocalizationService: Localization service is disabled
[2019.12.10-05.17.40:955][  0]LogVSAccessor: Display: Unable to create Visual Studio setup instance: 80040154
[2019.12.10-05.17.40:957][  0]LogVSAccessor: Display: Unable to create Visual Studio setup instance: 80040154
[2019.12.10-05.17.42:466][  0]LogFileCache: Scanning file cache for directory 'C:/Users/Enrique/Documents/GitHub/Narutaco/Narutaco/Content/' took 0.02s
[2019.12.10-05.17.42:467][  0]LogCook: Display: Max memory allowance for cook 16384mb min free memory 0mb
[2019.12.10-05.17.42:469][  0]LogCook: Display: Mobile HDR setting 1
[2019.12.10-05.17.47:132][  0]SourceControl: Source control is disabled
[2019.12.10-05.17.47:159][  0]Cmd: MAP LOAD FILE="../../../../../../Users/Enrique/Documents/GitHub/Narutaco/Narutaco/Content/level/project.umap" TEMPLATE=0 SHOWPROGRESS=1 FEATURELEVEL=3
[2019.12.10-05.17.47:163][  0]LightingResults: New page: Lighting Build
[2019.12.10-05.17.47:330][  0]MapCheck: New page: Map Check
[2019.12.10-05.17.47:330][  0]LightingResults: New page: Lighting Build
[2019.12.10-05.17.47:662][  0]LogUObjectHash: Compacting FUObjectHashTables data took   7.04ms
[2019.12.10-05.17.48:556][  0]LogAIModule: Creating AISystem for world project
[2019.12.10-05.17.48:876][  0]LogEditorServer: Finished looking for orphan Actors (0.000 secs)
[2019.12.10-05.17.48:973][  0]LogUObjectHash: Compacting FUObjectHashTables data took   0.89ms
[2019.12.10-05.17.48:973][  0]Cmd: MAP CHECKDEP NOCLEARLOG
[2019.12.10-05.17.48:999][  0]MapCheck: Map check complete: 0 Error(s), 0 Warning(s), took 17.239ms to complete.
[2019.12.10-05.17.48:999][  0]LogFileHelpers: Loading map 'project' took 1.856
[2019.12.10-05.17.51:085][  0]LogSlate: Updating window title bar state: overlay mode, drag disabled, window buttons hidden, title bar hidden
[2019.12.10-05.17.51:117][  0]LogSlate: Updating window title bar state: overlay mode, drag disabled, window buttons hidden, title bar hidden
[2019.12.10-05.17.51:148][  0]LogSlate: Updating window title bar state: overlay mode, drag disabled, window buttons hidden, title bar hidden
[2019.12.10-05.17.51:179][  0]LogSlate: Updating window title bar state: overlay mode, drag disabled, window buttons hidden, title bar hidden
[2019.12.10-05.17.51:261][  0]LogCollectionManager: Loaded 0 collections in 0.007036 seconds
[2019.12.10-05.17.51:473][  0]LogFileCache: Scanning file cache for directory 'C:/Users/Enrique/Documents/GitHub/Narutaco/Narutaco/Saved/Collections/' took 0.01s
[2019.12.10-05.17.51:473][  0]LogFileCache: Scanning file cache for directory 'C:/Users/Enrique/Documents/GitHub/Narutaco/Narutaco/Content/Developers/Enrique/Collections/' took 0.01s
[2019.12.10-05.17.51:473][  0]LogFileCache: Scanning file cache for directory 'C:/Users/Enrique/Documents/GitHub/Narutaco/Narutaco/Content/Collections/' took 0.01s
[2019.12.10-05.17.51:473][  0]LogCollectionManager: Rebuilt the GUID cache for 0 collections in 0.000001 seconds
[2019.12.10-05.17.51:515][  0]LogContentBrowser: Native class hierarchy populated in 0.0368 seconds. Added 2732 classes and 659 folders.
[2019.12.10-05.17.51:655][  0]LogContentBrowser: Native class hierarchy updated for 'WidgetCarousel' in 0.0010 seconds. Added 0 classes and 0 folders.
[2019.12.10-05.17.51:741][  0]LogPakFile: Registered encryption key '00000000000000000000000000000000': 0 pak files mounted, 0 remain pending
[2019.12.10-05.17.51:772][  0]LogPakFile: Registered encryption key '00000000000000000000000000000000': 0 pak files mounted, 0 remain pending
[2019.12.10-05.17.51:794][  0]LogPakFile: Registered encryption key '00000000000000000000000000000000': 0 pak files mounted, 0 remain pending
[2019.12.10-05.17.51:813][  0]LogPakFile: Registered encryption key '00000000000000000000000000000000': 0 pak files mounted, 0 remain pending
[2019.12.10-05.17.51:839][  0]LogPakFile: Registered encryption key '00000000000000000000000000000000': 0 pak files mounted, 0 remain pending
[2019.12.10-05.17.51:866][  0]LogPakFile: Registered encryption key '00000000000000000000000000000000': 0 pak files mounted, 0 remain pending
[2019.12.10-05.17.51:889][  0]LogPakFile: Registered encryption key '00000000000000000000000000000000': 0 pak files mounted, 0 remain pending
[2019.12.10-05.17.51:893][  0]LogPakFile: Registered encryption key '00000000000000000000000000000000': 0 pak files mounted, 0 remain pending
[2019.12.10-05.17.51:913][  0]LogPakFile: Registered encryption key '00000000000000000000000000000000': 0 pak files mounted, 0 remain pending
[2019.12.10-05.17.51:935][  0]LogPakFile: Registered encryption key '00000000000000000000000000000000': 0 pak files mounted, 0 remain pending
[2019.12.10-05.17.51:951][  0]LogPakFile: Registered encryption key '00000000000000000000000000000000': 0 pak files mounted, 0 remain pending
[2019.12.10-05.17.51:973][  0]LogPakFile: Registered encryption key '00000000000000000000000000000000': 0 pak files mounted, 0 remain pending
[2019.12.10-05.17.51:991][  0]LogPakFile: Registered encryption key '00000000000000000000000000000000': 0 pak files mounted, 0 remain pending
[2019.12.10-05.17.52:018][  0]LogPakFile: Registered encryption key '00000000000000000000000000000000': 0 pak files mounted, 0 remain pending
[2019.12.10-05.17.52:093][  0]LogPakFile: Registered encryption key '00000000000000000000000000000000': 0 pak files mounted, 0 remain pending
[2019.12.10-05.17.52:119][  0]LogPakFile: Registered encryption key '00000000000000000000000000000000': 0 pak files mounted, 0 remain pending
[2019.12.10-05.17.52:123][  0]LogPakFile: Registered encryption key '00000000000000000000000000000000': 0 pak files mounted, 0 remain pending
[2019.12.10-05.17.52:139][  0]LogPakFile: Registered encryption key '00000000000000000000000000000000': 0 pak files mounted, 0 remain pending
[2019.12.10-05.17.52:163][  0]LogPakFile: Registered encryption key '00000000000000000000000000000000': 0 pak files mounted, 0 remain pending
[2019.12.10-05.17.52:166][  0]LogPakFile: Registered encryption key '00000000000000000000000000000000': 0 pak files mounted, 0 remain pending
[2019.12.10-05.17.52:196][  0]LogPakFile: Registered encryption key '00000000000000000000000000000000': 0 pak files mounted, 0 remain pending
[2019.12.10-05.17.52:206][  0]LogPakFile: Registered encryption key '00000000000000000000000000000000': 0 pak files mounted, 0 remain pending
[2019.12.10-05.17.52:230][  0]LogPakFile: Registered encryption key '00000000000000000000000000000000': 0 pak files mounted, 0 remain pending
[2019.12.10-05.17.52:236][  0]LogPakFile: Registered encryption key '00000000000000000000000000000000': 0 pak files mounted, 0 remain pending
[2019.12.10-05.17.52:242][  0]LogPakFile: Registered encryption key '00000000000000000000000000000000': 0 pak files mounted, 0 remain pending
[2019.12.10-05.17.52:262][  0]LogPakFile: Registered encryption key '00000000000000000000000000000000': 0 pak files mounted, 0 remain pending
[2019.12.10-05.17.53:126][  0]LogContentBrowser: Native class hierarchy updated for 'AddContentDialog' in 0.0010 seconds. Added 0 classes and 0 folders.
[2019.12.10-05.17.53:198][  0]LogContentBrowser: Native class hierarchy updated for 'SceneOutliner' in 0.0010 seconds. Added 1 classes and 2 folders.
[2019.12.10-05.17.53:863][  0]LogSlate: Took 0.011192 seconds to synchronously load lazily loaded font '../../../Engine/Content/Slate/Fonts/Roboto-Regular.ttf' (155K)
[2019.12.10-05.17.53:881][  0]LogSlate: Took 0.009003 seconds to synchronously load lazily loaded font '../../../Engine/Content/Slate/Fonts/Roboto-Bold.ttf' (160K)
[2019.12.10-05.17.53:927][  0]LogSlate: Took 0.002970 seconds to synchronously load lazily loaded font '../../../Engine/Content/Editor/Slate/Fonts/FontAwesome.ttf' (139K)
[2019.12.10-05.17.54:434][  0]LogRenderer: Reallocating scene render targets to support 964x436 Format 10 NumSamples 1 (Frame:1).
[2019.12.10-05.17.56:073][  0]LogContentBrowser: Native class hierarchy updated for 'HierarchicalLODOutliner' in 0.0010 seconds. Added 0 classes and 0 folders.
[2019.12.10-05.17.56:073][  0]LogLoad: (Engine Initialization) Total time: 131.28 seconds
[2019.12.10-05.17.56:073][  0]LogLoad: (Engine Initialization) Total Blueprint compile time: 0.00 seconds
[2019.12.10-05.17.56:354][  0]LogContentStreaming: Texture pool size now 1000 MB
[2019.12.10-05.17.56:542][  1]LogAssetRegistry: Asset discovery search completed in 86.8932 seconds
[2019.12.10-05.17.56:555][  1]LogCollectionManager: Rebuilt the object cache for 0 collections in 0.000001 seconds (found 0 objects)
[2019.12.10-05.17.56:555][  1]LogCollectionManager: Fixed up redirectors for 0 collections in 0.000117 seconds (updated 0 objects)
[2019.12.10-05.18.00:617][229]LogSlate: Took 0.015093 seconds to synchronously load lazily loaded font '../../../Engine/Content/Slate/Fonts/Roboto-Light.ttf' (167K)
[2019.12.10-05.18.19:346][321]LogSlate: FSceneViewport::OnFocusLost() reason 0
[2019.12.10-05.18.19:528][332]LogTemp: Repeating last play command: New Editor Window (PIE)
[2019.12.10-05.18.19:542][332]LogBlueprintUserMessages: Early PlayInEditor Detection: Level '/Game/level/project.project:PersistentLevel' has LevelScriptBlueprint '/Game/level/project.project:PersistentLevel.project' with GeneratedClass '/Game/level/project.project_C' with ClassGeneratedBy '/Game/level/project.project:PersistentLevel.project'
[2019.12.10-05.18.19:648][332]LogPlayLevel: PlayLevel: No blueprints needed recompiling
[2019.12.10-05.18.19:703][332]PIE: New page: PIE session: project (Dec 9, 2019, 5:18:19 PM)
[2019.12.10-05.18.19:743][332]LogPlayLevel: Creating play world package: /Game/level/UEDPIE_0_project
[2019.12.10-05.18.19:833][332]LogPlayLevel: PIE: StaticDuplicateObject took: (0.089549s)
[2019.12.10-05.18.19:834][332]LogAIModule: Creating AISystem for world project
[2019.12.10-05.18.19:834][332]LogPlayLevel: PIE: World Init took: (0.000816s)
[2019.12.10-05.18.19:834][332]LogPlayLevel: PIE: Created PIE world by copying editor world from /Game/level/project.project to /Game/level/UEDPIE_0_project.project (0.091358s)
[2019.12.10-05.18.19:869][332]LogUObjectHash: Compacting FUObjectHashTables data took   1.73ms
[2019.12.10-05.18.20:005][332]LogInit: XAudio2 using 'Speakers (Realtek High Definition Audio)' : 2 channels at 48 kHz using 32 bits per sample (channel mask 0x3)
[2019.12.10-05.18.20:056][332]LogInit: FAudioDevice initialized.
[2019.12.10-05.18.20:084][332]LogSlate: Updating window title bar state: overlay mode, drag disabled, window buttons hidden, title bar hidden
[2019.12.10-05.18.21:249][332]LogLoad: Game class is 'game_mode_C'
[2019.12.10-05.18.21:341][332]LogWorld: Bringing World /Game/level/UEDPIE_0_project.project up for play (max tick rate 60) at 2019.12.09-23.18.21
[2019.12.10-05.18.21:380][332]LogWorld: Bringing up level for play took: 0.085279
[2019.12.10-05.18.21:549][332]LogContentBrowser: Native class hierarchy updated for 'MovieSceneCapture' in 0.0013 seconds. Added 20 classes and 0 folders.
[2019.12.10-05.18.21:773][332]PIE: Play in editor start time for /Game/level/UEDPIE_0_project 1.771
[2019.12.10-05.18.21:779][332]LogBlueprintUserMessages: Late PlayInEditor Detection: Level '/Game/level/project.project:PersistentLevel' has LevelScriptBlueprint '/Game/level/project.project:PersistentLevel.project' with GeneratedClass '/Game/level/project.project_C' with ClassGeneratedBy '/Game/level/project.project:PersistentLevel.project'
[2019.12.10-05.18.21:952][333]LogRenderer: Reallocating scene render targets to support 1016x544 Format 10 NumSamples 1 (Frame:1).
[2019.12.10-05.18.29:181][749]LogBlueprintUserMessages: Early EndPlayMap Detection: Level '/Game/level/project.project:PersistentLevel' has LevelScriptBlueprint '/Game/level/project.project:PersistentLevel.project' with GeneratedClass '/Game/level/project.project_C' with ClassGeneratedBy '/Game/level/project.project:PersistentLevel.project'
[2019.12.10-05.18.29:272][749]LogSlate: Updating window title bar state: overlay mode, drag disabled, window buttons hidden, title bar hidden
[2019.12.10-05.18.29:315][749]LogSlate: Window 'Narutaco Game Preview Standalone (64-bit/PCD3D_SM5)' being destroyed
[2019.12.10-05.18.29:484][749]LogPlayLevel: Display: Shutting down PIE online subsystems
[2019.12.10-05.18.29:485][749]LogBlueprintUserMessages: Late EndPlayMap Detection: Level '/Game/level/project.project:PersistentLevel' has LevelScriptBlueprint '/Game/level/project.project:PersistentLevel.project' with GeneratedClass '/Game/level/project.project_C' with ClassGeneratedBy '/Game/level/project.project:PersistentLevel.project'
[2019.12.10-05.18.29:716][749]LogUObjectHash: Compacting FUObjectHashTables data took   9.72ms
[2019.12.10-05.18.29:845][750]LogPlayLevel: Display: Destroying online subsystem :Context_1
