Log file open, 12/09/19 22:56:46
LogWindows: Failed to load 'aqProf.dll' (GetLastError=126)
LogWindows: File 'aqProf.dll' does not exist
LogWindows: Failed to load 'VtuneApi.dll' (GetLastError=126)
LogWindows: File 'VtuneApi.dll' does not exist
LogWindows: Failed to load 'VtuneApi32e.dll' (GetLastError=126)
LogWindows: File 'VtuneApi32e.dll' does not exist
LogConsoleResponse: Display: Failed to find resolution value strings in scalability ini. Falling back to default.
LogInit: Display: Running engine for game: Narutaco
LogPakFile: Registered encryption key '00000000000000000000000000000000': 0 pak files mounted, 0 remain pending
LogPlatformFile: Not using cached read wrapper
LogTaskGraph: Started task graph with 5 named threads and 23 total threads with 3 sets of task threads.
LogStats: Stats thread started at 0.291423
LogD3D11RHI: Loaded GFSDK_Aftermath_Lib.x64.dll
LogICUInternationalization: ICU TimeZone Detection - Raw Offset: -6:00, Platform Override: ''
LogPluginManager: Mounting plugin Paper2D
LogPluginManager: Mounting plugin AISupport
LogPluginManager: Mounting plugin LightPropagationVolume
LogPluginManager: Mounting plugin ActorLayerUtilities
LogPluginManager: Mounting plugin AnimationSharing
LogPluginManager: Mounting plugin CLionSourceCodeAccess
LogPluginManager: Mounting plugin CodeLiteSourceCodeAccess
LogPluginManager: Mounting plugin GitSourceControl
LogPluginManager: Mounting plugin KDevelopSourceCodeAccess
LogPluginManager: Mounting plugin NullSourceCodeAccess
LogPluginManager: Mounting plugin PerforceSourceControl
LogPluginManager: Mounting plugin SubversionSourceControl
LogPluginManager: Mounting plugin UObjectPlugin
LogPluginManager: Mounting plugin VisualStudioCodeSourceCodeAccess
LogPluginManager: Mounting plugin VisualStudioSourceCodeAccess
LogPluginManager: Mounting plugin XCodeSourceCodeAccess
LogPluginManager: Mounting plugin AssetManagerEditor
LogPluginManager: Mounting plugin CryptoKeys
LogPluginManager: Mounting plugin DataValidation
LogPluginManager: Mounting plugin FacialAnimation
LogPluginManager: Mounting plugin GameplayTagsEditor
LogPluginManager: Mounting plugin MacGraphicsSwitching
LogPluginManager: Mounting plugin MaterialAnalyzer
LogPluginManager: Mounting plugin MobileLauncherProfileWizard
LogPluginManager: Mounting plugin PluginBrowser
LogPluginManager: Mounting plugin SpeedTreeImporter
LogPluginManager: Mounting plugin DatasmithContent
LogPluginManager: Mounting plugin VariantManagerContent
LogPluginManager: Mounting plugin AlembicImporter
LogPluginManager: Mounting plugin AppleImageUtils
LogPluginManager: Mounting plugin AppleVision
LogPluginManager: Mounting plugin BackChannel
LogPluginManager: Mounting plugin CharacterAI
LogPluginManager: Mounting plugin GeometryCache
LogPluginManager: Mounting plugin HTML5Networking
LogPluginManager: Mounting plugin ProxyLODPlugin
LogPluginManager: Mounting plugin SkeletalReduction
LogPluginManager: Mounting plugin MagicLeap
LogPluginManager: Mounting plugin MagicLeapMedia
LogPluginManager: Mounting plugin AndroidMedia
LogPluginManager: Mounting plugin AvfMedia
LogPluginManager: Mounting plugin ImgMedia
LogPluginManager: Mounting plugin LinearTimecode
LogPluginManager: Mounting plugin MediaCompositing
LogPluginManager: Mounting plugin MediaPlayerEditor
LogPluginManager: Mounting plugin WebMMedia
LogPluginManager: Mounting plugin WmfMedia
LogPluginManager: Mounting plugin TcpMessaging
LogPluginManager: Mounting plugin UdpMessaging
LogPluginManager: Mounting plugin ActorSequence
LogPluginManager: Mounting plugin LevelSequenceEditor
LogPluginManager: Mounting plugin MatineeToLevelSequence
LogPluginManager: Mounting plugin NetcodeUnitTest
LogPluginManager: Mounting plugin NUTUnrealEngine4
LogPluginManager: Mounting plugin OnlineSubsystemGooglePlay
LogPluginManager: Mounting plugin OnlineSubsystemIOS
LogPluginManager: Mounting plugin OnlineSubsystem
LogPluginManager: Mounting plugin OnlineSubsystemNull
LogPluginManager: Mounting plugin OnlineSubsystemUtils
LogPluginManager: Mounting plugin LauncherChunkInstaller
LogPluginManager: Mounting plugin AndroidDeviceProfileSelector
LogPluginManager: Mounting plugin AndroidMoviePlayer
LogPluginManager: Mounting plugin AndroidPermission
LogPluginManager: Mounting plugin AppleMoviePlayer
LogPluginManager: Mounting plugin ArchVisCharacter
LogPluginManager: Mounting plugin AudioCapture
LogPluginManager: Mounting plugin CableComponent
LogPluginManager: Mounting plugin CustomMeshComponent
LogPluginManager: Mounting plugin EditableMesh
LogPluginManager: Mounting plugin ExampleDeviceProfileSelector
LogPluginManager: Mounting plugin Firebase
LogPluginManager: Mounting plugin GoogleCloudMessaging
LogPluginManager: Mounting plugin IOSDeviceProfileSelector
LogPluginManager: Mounting plugin LinuxDeviceProfileSelector
LogPluginManager: Mounting plugin LocationServicesBPLibrary
LogPluginManager: Mounting plugin MobilePatchingUtils
LogPluginManager: Mounting plugin OculusVR
LogPluginManager: Mounting plugin PhysXVehicles
LogPluginManager: Mounting plugin ProceduralMeshComponent
LogPluginManager: Mounting plugin RuntimePhysXCooking
LogPluginManager: Mounting plugin SignificanceManager
LogPluginManager: Mounting plugin SteamVR
LogPluginManager: Mounting plugin WebMMoviePlayer
LogPluginManager: Mounting plugin WindowsMoviePlayer
LogInit: Using libcurl 7.55.1-DEV
LogInit:  - built for x86_64-pc-win32
LogInit:  - supports SSL with OpenSSL/1.1.1
LogInit:  - supports HTTP deflate (compression) using libz 1.2.8
LogInit:  - other features:
LogInit:      CURL_VERSION_SSL
LogInit:      CURL_VERSION_LIBZ
LogInit:      CURL_VERSION_IPV6
LogInit:      CURL_VERSION_ASYNCHDNS
LogInit:      CURL_VERSION_LARGEFILE
LogInit:      CURL_VERSION_IDN
LogInit:  CurlRequestOptions (configurable via config and command line):
LogInit:  - bVerifyPeer = true  - Libcurl will verify peer certificate
LogInit:  - bUseHttpProxy = false  - Libcurl will NOT use HTTP proxy
LogInit:  - bDontReuseConnections = false  - Libcurl will reuse connections
LogInit:  - MaxHostConnections = 16  - Libcurl will limit the number of connections to a host
LogInit:  - LocalHostAddr = Default
LogInit:  - BufferSize = 65536
LogInit: WinSock: version 1.1 (2.2), MaxSocks=32767, MaxUdp=65467
LogInit: Build: ++UE4+Release-4.22-CL-7053642
LogInit: Engine Version: 4.22.3-7053642+++UE4+Release-4.22
LogInit: Compatible Engine Version: 4.22.0-5660361+++UE4+Release-4.22
LogInit: Net CL: 5660361
LogInit: OS: Windows 10 (Release 1903) (), CPU: Intel(R) Core(TM) i7-7700HQ CPU @ 2.80GHz, GPU: Intel(R) HD Graphics 630
LogInit: Compiled (64-bit): Jun 18 2019 03:09:11
LogInit: Compiled with Visual C++: 19.16.27025.01
LogInit: Build Configuration: Development
LogInit: Branch Name: ++UE4+Release-4.22
LogInit: Command Line: 
LogInit: Base Directory: C:/Program Files/Epic Games/UE_4.22/Engine/Binaries/Win64/
LogInit: Installed Engine Build: 1
LogDevObjectVersion: Number of dev versions registered: 23
LogDevObjectVersion:   Dev-Blueprints (B0D832E4-1F89-4F0D-ACCF-7EB736FD4AA2): 10
LogDevObjectVersion:   Dev-Build (E1C64328-A22C-4D53-A36C-8E866417BD8C): 0
LogDevObjectVersion:   Dev-Core (375EC13C-06E4-48FB-B500-84F0262A717E): 3
LogDevObjectVersion:   Dev-Editor (E4B068ED-F494-42E9-A231-DA0B2E46BB41): 30
LogDevObjectVersion:   Dev-Framework (CFFC743F-43B0-4480-9391-14DF171D2073): 35
LogDevObjectVersion:   Dev-Mobile (B02B49B5-BB20-44E9-A304-32B752E40360): 2
LogDevObjectVersion:   Dev-Networking (A4E4105C-59A1-49B5-A7C5-40C4547EDFEE): 0
LogDevObjectVersion:   Dev-Online (39C831C9-5AE6-47DC-9A44-9C173E1C8E7C): 0
LogDevObjectVersion:   Dev-Physics (78F01B33-EBEA-4F98-B9B4-84EACCB95AA2): 0
LogDevObjectVersion:   Dev-Platform (6631380F-2D4D-43E0-8009-CF276956A95A): 0
LogDevObjectVersion:   Dev-Rendering (12F88B9F-8875-4AFC-A67C-D90C383ABD29): 28
LogDevObjectVersion:   Dev-Sequencer (7B5AE74C-D270-4C10-A958-57980B212A5A): 11
LogDevObjectVersion:   Dev-VR (D7296918-1DD6-4BDD-9DE2-64A83CC13884): 2
LogDevObjectVersion:   Dev-LoadTimes (C2A15278-BFE7-4AFE-6C17-90FF531DF755): 1
LogDevObjectVersion:   Private-Geometry (6EACA3D4-40EC-4CC1-B786-8BED09428FC5): 3
LogDevObjectVersion:   Dev-AnimPhys (29E575DD-E0A3-4627-9D10-D276232CDCEA): 17
LogDevObjectVersion:   Dev-Anim (AF43A65D-7FD3-4947-9873-3E8ED9C1BB05): 2
LogDevObjectVersion:   Dev-ReflectionCapture (6B266CEC-1EC7-4B8F-A30B-E4D90942FC07): 1
LogDevObjectVersion:   Dev-Automation (0DF73D61-A23F-47EA-B727-89E90C41499A): 1
LogDevObjectVersion:   FortniteMain (601D1886-AC64-4F84-AA16-D3DE0DEAC7D6): 25
LogDevObjectVersion:   Dev-Enterprise (9DFFBCD6-494F-0158-E221-12823C92A888): 6
LogDevObjectVersion:   Dev-Niagara (F2AED0AC-9AFE-416F-8664-AA7FFA26D6FC): 1
LogDevObjectVersion:   Dev-Destruction (174F1F0B-B4C6-45A5-B13F-2EE8D0FB917D): 2
LogInit: Presizing for max 16777216 objects, including 0 objects not considered by GC, pre-allocating 0 bytes for permanent pool.
LogInit: Object subsystem initialized
LogConfig: Setting CVar [[con.DebugEarlyDefault:1]]
LogConfig: Setting CVar [[r.setres:1280x720]]
[2019.12.10-04.56.46:931][  0]LogConfig: Setting CVar [[r.VSync:0]]
[2019.12.10-04.56.46:931][  0]LogConfig: Setting CVar [[r.RHICmdBypass:0]]
[2019.12.10-04.56.46:931][  0]LogConfig: Applying CVar settings from Section [/Script/Engine.RendererSettings] File [C:/Users/bas/Documents/project/Narutaco/Narutaco/Saved/Config/Windows/Engine.ini]
[2019.12.10-04.56.46:931][  0]LogConfig: Setting CVar [[r.GPUCrashDebugging:0]]
[2019.12.10-04.56.46:931][  0]LogConfig: Applying CVar settings from Section [/Script/Engine.RendererOverrideSettings] File [C:/Users/bas/Documents/project/Narutaco/Narutaco/Saved/Config/Windows/Engine.ini]
[2019.12.10-04.56.46:931][  0]LogConfig: Applying CVar settings from Section [/Script/Engine.StreamingSettings] File [C:/Users/bas/Documents/project/Narutaco/Narutaco/Saved/Config/Windows/Engine.ini]
[2019.12.10-04.56.46:931][  0]LogConfig: Setting CVar [[s.MinBulkDataSizeForAsyncLoading:131072]]
[2019.12.10-04.56.46:931][  0]LogConfig: Setting CVar [[s.AsyncLoadingThreadEnabled:0]]
[2019.12.10-04.56.46:931][  0]LogConfig: Setting CVar [[s.EventDrivenLoaderEnabled:1]]
[2019.12.10-04.56.46:931][  0]LogConfig: Setting CVar [[s.WarnIfTimeLimitExceeded:0]]
[2019.12.10-04.56.46:931][  0]LogConfig: Setting CVar [[s.TimeLimitExceededMultiplier:1.5]]
[2019.12.10-04.56.46:931][  0]LogConfig: Setting CVar [[s.TimeLimitExceededMinTime:0.005]]
[2019.12.10-04.56.46:931][  0]LogConfig: Setting CVar [[s.UseBackgroundLevelStreaming:1]]
[2019.12.10-04.56.46:931][  0]LogConfig: Setting CVar [[s.PriorityAsyncLoadingExtraTime:15.0]]
[2019.12.10-04.56.46:931][  0]LogConfig: Setting CVar [[s.LevelStreamingActorsUpdateTimeLimit:5.0]]
[2019.12.10-04.56.46:931][  0]LogConfig: Setting CVar [[s.PriorityLevelStreamingActorsUpdateExtraTime:5.0]]
[2019.12.10-04.56.46:931][  0]LogConfig: Setting CVar [[s.LevelStreamingComponentsRegistrationGranularity:10]]
[2019.12.10-04.56.46:931][  0]LogConfig: Setting CVar [[s.UnregisterComponentsTimeLimit:1.0]]
[2019.12.10-04.56.46:931][  0]LogConfig: Setting CVar [[s.LevelStreamingComponentsUnregistrationGranularity:5]]
[2019.12.10-04.56.46:931][  0]LogConfig: Applying CVar settings from Section [/Script/Engine.GarbageCollectionSettings] File [C:/Users/bas/Documents/project/Narutaco/Narutaco/Saved/Config/Windows/Engine.ini]
[2019.12.10-04.56.46:931][  0]LogConfig: Setting CVar [[gc.MaxObjectsNotConsideredByGC:1]]
[2019.12.10-04.56.46:932][  0]LogConfig: Setting CVar [[gc.SizeOfPermanentObjectPool:0]]
[2019.12.10-04.56.46:932][  0]LogConfig: Setting CVar [[gc.FlushStreamingOnGC:0]]
[2019.12.10-04.56.46:932][  0]LogConfig: Setting CVar [[gc.NumRetriesBeforeForcingGC:10]]
[2019.12.10-04.56.46:932][  0]LogConfig: Setting CVar [[gc.AllowParallelGC:1]]
[2019.12.10-04.56.46:932][  0]LogConfig: Setting CVar [[gc.TimeBetweenPurgingPendingKillObjects:61.1]]
[2019.12.10-04.56.46:932][  0]LogConfig: Setting CVar [[gc.MaxObjectsInEditor:16777216]]
[2019.12.10-04.56.46:932][  0]LogConfig: Setting CVar [[gc.IncrementalBeginDestroyEnabled:1]]
[2019.12.10-04.56.46:932][  0]LogConfig: Setting CVar [[gc.CreateGCClusters:1]]
[2019.12.10-04.56.46:932][  0]LogConfig: Setting CVar [[gc.MinGCClusterSize:5]]
[2019.12.10-04.56.46:932][  0]LogConfig: Setting CVar [[gc.ActorClusteringEnabled:0]]
[2019.12.10-04.56.46:932][  0]LogConfig: Setting CVar [[gc.BlueprintClusteringEnabled:0]]
[2019.12.10-04.56.46:932][  0]LogConfig: Setting CVar [[gc.UseDisregardForGCOnDedicatedServers:0]]
[2019.12.10-04.56.46:932][  0]LogConfig: Applying CVar settings from Section [/Script/Engine.NetworkSettings] File [C:/Users/bas/Documents/project/Narutaco/Narutaco/Saved/Config/Windows/Engine.ini]
[2019.12.10-04.56.46:932][  0]LogConfig: Applying CVar settings from Section [/Script/UnrealEd.CookerSettings] File [C:/Users/bas/Documents/project/Narutaco/Narutaco/Saved/Config/Windows/Engine.ini]
[2019.12.10-04.56.46:937][  0]LogConfig: Applying CVar settings from Section [ViewDistanceQuality@3] File [C:/Users/bas/Documents/project/Narutaco/Narutaco/Saved/Config/Windows/Scalability.ini]
[2019.12.10-04.56.46:937][  0]LogConfig: Setting CVar [[r.SkeletalMeshLODBias:0]]
[2019.12.10-04.56.46:937][  0]LogConfig: Setting CVar [[r.ViewDistanceScale:1.0]]
[2019.12.10-04.56.46:937][  0]LogConfig: Applying CVar settings from Section [AntiAliasingQuality@3] File [C:/Users/bas/Documents/project/Narutaco/Narutaco/Saved/Config/Windows/Scalability.ini]
[2019.12.10-04.56.46:937][  0]LogConfig: Setting CVar [[r.PostProcessAAQuality:4]]
[2019.12.10-04.56.46:937][  0]LogConfig: Applying CVar settings from Section [ShadowQuality@3] File [C:/Users/bas/Documents/project/Narutaco/Narutaco/Saved/Config/Windows/Scalability.ini]
[2019.12.10-04.56.46:937][  0]LogConfig: Setting CVar [[r.LightFunctionQuality:1]]
[2019.12.10-04.56.46:937][  0]LogConfig: Setting CVar [[r.ShadowQuality:5]]
[2019.12.10-04.56.46:937][  0]LogConfig: Setting CVar [[r.Shadow.CSM.MaxCascades:10]]
[2019.12.10-04.56.46:937][  0]LogConfig: Setting CVar [[r.Shadow.MaxResolution:2048]]
[2019.12.10-04.56.46:937][  0]LogConfig: Setting CVar [[r.Shadow.MaxCSMResolution:2048]]
[2019.12.10-04.56.46:937][  0]LogConfig: Setting CVar [[r.Shadow.RadiusThreshold:0.01]]
[2019.12.10-04.56.46:937][  0]LogConfig: Setting CVar [[r.Shadow.DistanceScale:1.0]]
[2019.12.10-04.56.46:937][  0]LogConfig: Setting CVar [[r.Shadow.CSM.TransitionScale:1.0]]
[2019.12.10-04.56.46:937][  0]LogConfig: Setting CVar [[r.Shadow.PreShadowResolutionFactor:1.0]]
[2019.12.10-04.56.46:937][  0]LogConfig: Setting CVar [[r.DistanceFieldShadowing:1]]
[2019.12.10-04.56.46:937][  0]LogConfig: Setting CVar [[r.DistanceFieldAO:1]]
[2019.12.10-04.56.46:937][  0]LogConfig: Setting CVar [[r.AOQuality:2]]
[2019.12.10-04.56.46:937][  0]LogConfig: Setting CVar [[r.VolumetricFog:1]]
[2019.12.10-04.56.46:937][  0]LogConfig: Setting CVar [[r.VolumetricFog.GridPixelSize:8]]
[2019.12.10-04.56.46:937][  0]LogConfig: Setting CVar [[r.VolumetricFog.GridSizeZ:128]]
[2019.12.10-04.56.46:937][  0]LogConfig: Setting CVar [[r.VolumetricFog.HistoryMissSupersampleCount:4]]
[2019.12.10-04.56.46:937][  0]LogConfig: Setting CVar [[r.LightMaxDrawDistanceScale:1]]
[2019.12.10-04.56.46:937][  0]LogConfig: Setting CVar [[r.CapsuleShadows:1]]
[2019.12.10-04.56.46:937][  0]LogConfig: Applying CVar settings from Section [PostProcessQuality@3] File [C:/Users/bas/Documents/project/Narutaco/Narutaco/Saved/Config/Windows/Scalability.ini]
[2019.12.10-04.56.46:938][  0]LogConfig: Setting CVar [[r.MotionBlurQuality:4]]
[2019.12.10-04.56.46:938][  0]LogConfig: Setting CVar [[r.AmbientOcclusionMipLevelFactor:0.4]]
[2019.12.10-04.56.46:938][  0]LogConfig: Setting CVar [[r.AmbientOcclusionMaxQuality:100]]
[2019.12.10-04.56.46:938][  0]LogConfig: Setting CVar [[r.AmbientOcclusionLevels:-1]]
[2019.12.10-04.56.46:938][  0]LogConfig: Setting CVar [[r.AmbientOcclusionRadiusScale:1.0]]
[2019.12.10-04.56.46:938][  0]LogConfig: Setting CVar [[r.DepthOfFieldQuality:2]]
[2019.12.10-04.56.46:938][  0]LogConfig: Setting CVar [[r.RenderTargetPoolMin:400]]
[2019.12.10-04.56.46:938][  0]LogConfig: Setting CVar [[r.LensFlareQuality:2]]
[2019.12.10-04.56.46:938][  0]LogConfig: Setting CVar [[r.SceneColorFringeQuality:1]]
[2019.12.10-04.56.46:938][  0]LogConfig: Setting CVar [[r.EyeAdaptationQuality:2]]
[2019.12.10-04.56.46:938][  0]LogConfig: Setting CVar [[r.BloomQuality:5]]
[2019.12.10-04.56.46:938][  0]LogConfig: Setting CVar [[r.FastBlurThreshold:100]]
[2019.12.10-04.56.46:938][  0]LogConfig: Setting CVar [[r.Upscale.Quality:3]]
[2019.12.10-04.56.46:938][  0]LogConfig: Setting CVar [[r.Tonemapper.GrainQuantization:1]]
[2019.12.10-04.56.46:938][  0]LogConfig: Setting CVar [[r.LightShaftQuality:1]]
[2019.12.10-04.56.46:938][  0]LogConfig: Setting CVar [[r.Filter.SizeScale:1]]
[2019.12.10-04.56.46:938][  0]LogConfig: Setting CVar [[r.Tonemapper.Quality:5]]
[2019.12.10-04.56.46:938][  0]LogConfig: Setting CVar [[r.DOF.Gather.AccumulatorQuality:1        ; higher gathering accumulator quality]]
[2019.12.10-04.56.46:938][  0]LogConfig: Setting CVar [[r.DOF.Gather.PostfilterMethod:1          ; Median3x3 postfilering method]]
[2019.12.10-04.56.46:938][  0]LogConfig: Setting CVar [[r.DOF.Gather.EnableBokehSettings:0       ; no bokeh simulation when gathering]]
[2019.12.10-04.56.46:938][  0]LogConfig: Setting CVar [[r.DOF.Gather.RingCount:4                 ; medium number of samples when gathering]]
[2019.12.10-04.56.46:938][  0]LogConfig: Setting CVar [[r.DOF.Scatter.ForegroundCompositing:1    ; additive foreground scattering]]
[2019.12.10-04.56.46:938][  0]LogConfig: Setting CVar [[r.DOF.Scatter.BackgroundCompositing:2    ; additive background scattering]]
[2019.12.10-04.56.46:938][  0]LogConfig: Setting CVar [[r.DOF.Scatter.EnableBokehSettings:1      ; bokeh simulation when scattering]]
[2019.12.10-04.56.46:938][  0]LogConfig: Setting CVar [[r.DOF.Scatter.MaxSpriteRatio:0.1         ; only a maximum of 10% of scattered bokeh]]
[2019.12.10-04.56.46:938][  0]LogConfig: Setting CVar [[r.DOF.Recombine.Quality:1                ; cheap slight out of focus]]
[2019.12.10-04.56.46:938][  0]LogConfig: Setting CVar [[r.DOF.Recombine.EnableBokehSettings:0    ; no bokeh simulation on slight out of focus]]
[2019.12.10-04.56.46:938][  0]LogConfig: Setting CVar [[r.DOF.TemporalAAQuality:1                ; more stable temporal accumulation]]
[2019.12.10-04.56.46:938][  0]LogConfig: Setting CVar [[r.DOF.Kernel.MaxForegroundRadius:0.025]]
[2019.12.10-04.56.46:939][  0]LogConfig: Setting CVar [[r.DOF.Kernel.MaxBackgroundRadius:0.025]]
[2019.12.10-04.56.46:939][  0]LogConfig: Applying CVar settings from Section [TextureQuality@3] File [C:/Users/bas/Documents/project/Narutaco/Narutaco/Saved/Config/Windows/Scalability.ini]
[2019.12.10-04.56.46:939][  0]LogConfig: Setting CVar [[r.Streaming.MipBias:0]]
[2019.12.10-04.56.46:939][  0]LogConfig: Setting CVar [[r.Streaming.AmortizeCPUToGPUCopy:0]]
[2019.12.10-04.56.46:939][  0]LogConfig: Setting CVar [[r.Streaming.MaxNumTexturesToStreamPerFrame:0]]
[2019.12.10-04.56.46:939][  0]LogConfig: Setting CVar [[r.Streaming.Boost:1]]
[2019.12.10-04.56.46:939][  0]LogConfig: Setting CVar [[r.MaxAnisotropy:8]]
[2019.12.10-04.56.46:939][  0]LogConfig: Setting CVar [[r.Streaming.LimitPoolSizeToVRAM:0]]
[2019.12.10-04.56.46:939][  0]LogConfig: Setting CVar [[r.Streaming.PoolSize:1000]]
[2019.12.10-04.56.46:939][  0]LogConfig: Setting CVar [[r.Streaming.MaxEffectiveScreenSize:0]]
[2019.12.10-04.56.46:939][  0]LogConfig: Applying CVar settings from Section [EffectsQuality@3] File [C:/Users/bas/Documents/project/Narutaco/Narutaco/Saved/Config/Windows/Scalability.ini]
[2019.12.10-04.56.46:939][  0]LogConfig: Setting CVar [[r.TranslucencyLightingVolumeDim:64]]
[2019.12.10-04.56.46:939][  0]LogConfig: Setting CVar [[r.RefractionQuality:2]]
[2019.12.10-04.56.46:939][  0]LogConfig: Setting CVar [[r.SSR.Quality:3]]
[2019.12.10-04.56.46:939][  0]LogConfig: Setting CVar [[r.SceneColorFormat:4]]
[2019.12.10-04.56.46:939][  0]LogConfig: Setting CVar [[r.DetailMode:2]]
[2019.12.10-04.56.46:939][  0]LogConfig: Setting CVar [[r.TranslucencyVolumeBlur:1]]
[2019.12.10-04.56.46:939][  0]LogConfig: Setting CVar [[r.MaterialQualityLevel:1 ; High quality]]
[2019.12.10-04.56.46:939][  0]LogConfig: Setting CVar [[r.SSS.Scale:1]]
[2019.12.10-04.56.46:939][  0]LogConfig: Setting CVar [[r.SSS.SampleSet:2]]
[2019.12.10-04.56.46:939][  0]LogConfig: Setting CVar [[r.SSS.Quality:1]]
[2019.12.10-04.56.46:939][  0]LogConfig: Setting CVar [[r.SSS.HalfRes:1]]
[2019.12.10-04.56.46:939][  0]LogConfig: Setting CVar [[r.EmitterSpawnRateScale:1.0]]
[2019.12.10-04.56.46:939][  0]LogConfig: Setting CVar [[r.ParticleLightQuality:2]]
[2019.12.10-04.56.46:939][  0]LogConfig: Applying CVar settings from Section [FoliageQuality@3] File [C:/Users/bas/Documents/project/Narutaco/Narutaco/Saved/Config/Windows/Scalability.ini]
[2019.12.10-04.56.46:939][  0]LogConfig: Setting CVar [[foliage.DensityScale:1.0]]
[2019.12.10-04.56.46:940][  0]LogConfig: Setting CVar [[grass.DensityScale:1.0]]
[2019.12.10-04.56.46:940][  0]LogInit: Selected Device Profile: [Windows]
[2019.12.10-04.56.46:940][  0]LogInit: Applying CVar settings loaded from the selected device profile: [Windows]
[2019.12.10-04.56.46:970][  0]LogHAL: Display: Platform has ~ 16 GB [17059516416 / 17179869184 / 16], which maps to Larger [LargestMinGB=32, LargerMinGB=12, DefaultMinGB=8, SmallerMinGB=6, SmallestMinGB=0)
[2019.12.10-04.56.46:970][  0]LogConfig: Setting CVar [[r.Vulkan.UseRealUBs:0		; Required until we fix HLR fall-out]]
[2019.12.10-04.56.46:970][  0]LogInit: Going up to parent DeviceProfile []
[2019.12.10-04.56.46:971][  0]LogConfig: Applying CVar settings from Section [ViewDistanceQuality@3] File [C:/Users/bas/Documents/project/Narutaco/Narutaco/Saved/Config/Windows/Scalability.ini]
[2019.12.10-04.56.46:971][  0]LogConfig: Setting CVar [[r.SkeletalMeshLODBias:0]]
[2019.12.10-04.56.46:971][  0]LogConfig: Setting CVar [[r.ViewDistanceScale:1.0]]
[2019.12.10-04.56.46:971][  0]LogConfig: Applying CVar settings from Section [AntiAliasingQuality@3] File [C:/Users/bas/Documents/project/Narutaco/Narutaco/Saved/Config/Windows/Scalability.ini]
[2019.12.10-04.56.46:971][  0]LogConfig: Setting CVar [[r.PostProcessAAQuality:4]]
[2019.12.10-04.56.46:971][  0]LogConfig: Applying CVar settings from Section [ShadowQuality@3] File [C:/Users/bas/Documents/project/Narutaco/Narutaco/Saved/Config/Windows/Scalability.ini]
[2019.12.10-04.56.46:971][  0]LogConfig: Setting CVar [[r.LightFunctionQuality:1]]
[2019.12.10-04.56.46:971][  0]LogConfig: Setting CVar [[r.ShadowQuality:5]]
[2019.12.10-04.56.46:971][  0]LogConfig: Setting CVar [[r.Shadow.CSM.MaxCascades:10]]
[2019.12.10-04.56.46:971][  0]LogConfig: Setting CVar [[r.Shadow.MaxResolution:2048]]
[2019.12.10-04.56.46:971][  0]LogConfig: Setting CVar [[r.Shadow.MaxCSMResolution:2048]]
[2019.12.10-04.56.46:971][  0]LogConfig: Setting CVar [[r.Shadow.RadiusThreshold:0.01]]
[2019.12.10-04.56.46:971][  0]LogConfig: Setting CVar [[r.Shadow.DistanceScale:1.0]]
[2019.12.10-04.56.46:971][  0]LogConfig: Setting CVar [[r.Shadow.CSM.TransitionScale:1.0]]
[2019.12.10-04.56.46:971][  0]LogConfig: Setting CVar [[r.Shadow.PreShadowResolutionFactor:1.0]]
[2019.12.10-04.56.46:971][  0]LogConfig: Setting CVar [[r.DistanceFieldShadowing:1]]
[2019.12.10-04.56.46:971][  0]LogConfig: Setting CVar [[r.DistanceFieldAO:1]]
[2019.12.10-04.56.46:971][  0]LogConfig: Setting CVar [[r.AOQuality:2]]
[2019.12.10-04.56.46:971][  0]LogConfig: Setting CVar [[r.VolumetricFog:1]]
[2019.12.10-04.56.46:971][  0]LogConfig: Setting CVar [[r.VolumetricFog.GridPixelSize:8]]
[2019.12.10-04.56.46:971][  0]LogConfig: Setting CVar [[r.VolumetricFog.GridSizeZ:128]]
[2019.12.10-04.56.46:971][  0]LogConfig: Setting CVar [[r.VolumetricFog.HistoryMissSupersampleCount:4]]
[2019.12.10-04.56.46:971][  0]LogConfig: Setting CVar [[r.LightMaxDrawDistanceScale:1]]
[2019.12.10-04.56.46:971][  0]LogConfig: Setting CVar [[r.CapsuleShadows:1]]
[2019.12.10-04.56.46:971][  0]LogConfig: Applying CVar settings from Section [PostProcessQuality@3] File [C:/Users/bas/Documents/project/Narutaco/Narutaco/Saved/Config/Windows/Scalability.ini]
[2019.12.10-04.56.46:971][  0]LogConfig: Setting CVar [[r.MotionBlurQuality:4]]
[2019.12.10-04.56.46:971][  0]LogConfig: Setting CVar [[r.AmbientOcclusionMipLevelFactor:0.4]]
[2019.12.10-04.56.46:972][  0]LogConfig: Setting CVar [[r.AmbientOcclusionMaxQuality:100]]
[2019.12.10-04.56.46:972][  0]LogConfig: Setting CVar [[r.AmbientOcclusionLevels:-1]]
[2019.12.10-04.56.46:972][  0]LogConfig: Setting CVar [[r.AmbientOcclusionRadiusScale:1.0]]
[2019.12.10-04.56.46:972][  0]LogConfig: Setting CVar [[r.DepthOfFieldQuality:2]]
[2019.12.10-04.56.46:972][  0]LogConfig: Setting CVar [[r.RenderTargetPoolMin:400]]
[2019.12.10-04.56.46:972][  0]LogConfig: Setting CVar [[r.LensFlareQuality:2]]
[2019.12.10-04.56.46:972][  0]LogConfig: Setting CVar [[r.SceneColorFringeQuality:1]]
[2019.12.10-04.56.46:972][  0]LogConfig: Setting CVar [[r.EyeAdaptationQuality:2]]
[2019.12.10-04.56.46:972][  0]LogConfig: Setting CVar [[r.BloomQuality:5]]
[2019.12.10-04.56.46:972][  0]LogConfig: Setting CVar [[r.FastBlurThreshold:100]]
[2019.12.10-04.56.46:972][  0]LogConfig: Setting CVar [[r.Upscale.Quality:3]]
[2019.12.10-04.56.46:972][  0]LogConfig: Setting CVar [[r.Tonemapper.GrainQuantization:1]]
[2019.12.10-04.56.46:972][  0]LogConfig: Setting CVar [[r.LightShaftQuality:1]]
[2019.12.10-04.56.46:972][  0]LogConfig: Setting CVar [[r.Filter.SizeScale:1]]
[2019.12.10-04.56.46:972][  0]LogConfig: Setting CVar [[r.Tonemapper.Quality:5]]
[2019.12.10-04.56.46:972][  0]LogConfig: Setting CVar [[r.DOF.Gather.AccumulatorQuality:1        ; higher gathering accumulator quality]]
[2019.12.10-04.56.46:972][  0]LogConfig: Setting CVar [[r.DOF.Gather.PostfilterMethod:1          ; Median3x3 postfilering method]]
[2019.12.10-04.56.46:972][  0]LogConfig: Setting CVar [[r.DOF.Gather.EnableBokehSettings:0       ; no bokeh simulation when gathering]]
[2019.12.10-04.56.46:972][  0]LogConfig: Setting CVar [[r.DOF.Gather.RingCount:4                 ; medium number of samples when gathering]]
[2019.12.10-04.56.46:972][  0]LogConfig: Setting CVar [[r.DOF.Scatter.ForegroundCompositing:1    ; additive foreground scattering]]
[2019.12.10-04.56.46:972][  0]LogConfig: Setting CVar [[r.DOF.Scatter.BackgroundCompositing:2    ; additive background scattering]]
[2019.12.10-04.56.46:972][  0]LogConfig: Setting CVar [[r.DOF.Scatter.EnableBokehSettings:1      ; bokeh simulation when scattering]]
[2019.12.10-04.56.46:972][  0]LogConfig: Setting CVar [[r.DOF.Scatter.MaxSpriteRatio:0.1         ; only a maximum of 10% of scattered bokeh]]
[2019.12.10-04.56.46:972][  0]LogConfig: Setting CVar [[r.DOF.Recombine.Quality:1                ; cheap slight out of focus]]
[2019.12.10-04.56.46:972][  0]LogConfig: Setting CVar [[r.DOF.Recombine.EnableBokehSettings:0    ; no bokeh simulation on slight out of focus]]
[2019.12.10-04.56.46:972][  0]LogConfig: Setting CVar [[r.DOF.TemporalAAQuality:1                ; more stable temporal accumulation]]
[2019.12.10-04.56.46:972][  0]LogConfig: Setting CVar [[r.DOF.Kernel.MaxForegroundRadius:0.025]]
[2019.12.10-04.56.46:973][  0]LogConfig: Setting CVar [[r.DOF.Kernel.MaxBackgroundRadius:0.025]]
[2019.12.10-04.56.46:973][  0]LogConfig: Applying CVar settings from Section [TextureQuality@3] File [C:/Users/bas/Documents/project/Narutaco/Narutaco/Saved/Config/Windows/Scalability.ini]
[2019.12.10-04.56.46:973][  0]LogConfig: Setting CVar [[r.Streaming.MipBias:0]]
[2019.12.10-04.56.46:973][  0]LogConfig: Setting CVar [[r.Streaming.AmortizeCPUToGPUCopy:0]]
[2019.12.10-04.56.46:973][  0]LogConfig: Setting CVar [[r.Streaming.MaxNumTexturesToStreamPerFrame:0]]
[2019.12.10-04.56.46:973][  0]LogConfig: Setting CVar [[r.Streaming.Boost:1]]
[2019.12.10-04.56.46:973][  0]LogConfig: Setting CVar [[r.MaxAnisotropy:8]]
[2019.12.10-04.56.46:973][  0]LogConfig: Setting CVar [[r.Streaming.LimitPoolSizeToVRAM:0]]
[2019.12.10-04.56.46:973][  0]LogConfig: Setting CVar [[r.Streaming.PoolSize:1000]]
[2019.12.10-04.56.46:973][  0]LogConfig: Setting CVar [[r.Streaming.MaxEffectiveScreenSize:0]]
[2019.12.10-04.56.46:973][  0]LogConfig: Applying CVar settings from Section [EffectsQuality@3] File [C:/Users/bas/Documents/project/Narutaco/Narutaco/Saved/Config/Windows/Scalability.ini]
[2019.12.10-04.56.46:973][  0]LogConfig: Setting CVar [[r.TranslucencyLightingVolumeDim:64]]
[2019.12.10-04.56.46:973][  0]LogConfig: Setting CVar [[r.RefractionQuality:2]]
[2019.12.10-04.56.46:973][  0]LogConfig: Setting CVar [[r.SSR.Quality:3]]
[2019.12.10-04.56.46:973][  0]LogConfig: Setting CVar [[r.SceneColorFormat:4]]
[2019.12.10-04.56.46:973][  0]LogConfig: Setting CVar [[r.DetailMode:2]]
[2019.12.10-04.56.46:973][  0]LogConfig: Setting CVar [[r.TranslucencyVolumeBlur:1]]
[2019.12.10-04.56.46:973][  0]LogConfig: Setting CVar [[r.MaterialQualityLevel:1 ; High quality]]
[2019.12.10-04.56.46:973][  0]LogConfig: Setting CVar [[r.SSS.Scale:1]]
[2019.12.10-04.56.46:973][  0]LogConfig: Setting CVar [[r.SSS.SampleSet:2]]
[2019.12.10-04.56.46:973][  0]LogConfig: Setting CVar [[r.SSS.Quality:1]]
[2019.12.10-04.56.46:973][  0]LogConfig: Setting CVar [[r.SSS.HalfRes:1]]
[2019.12.10-04.56.46:973][  0]LogConfig: Setting CVar [[r.EmitterSpawnRateScale:1.0]]
[2019.12.10-04.56.46:973][  0]LogConfig: Setting CVar [[r.ParticleLightQuality:2]]
[2019.12.10-04.56.46:973][  0]LogConfig: Applying CVar settings from Section [FoliageQuality@3] File [C:/Users/bas/Documents/project/Narutaco/Narutaco/Saved/Config/Windows/Scalability.ini]
[2019.12.10-04.56.46:973][  0]LogConfig: Setting CVar [[foliage.DensityScale:1.0]]
[2019.12.10-04.56.46:973][  0]LogConfig: Setting CVar [[grass.DensityScale:1.0]]
[2019.12.10-04.56.46:973][  0]LogConfig: Applying CVar settings from Section [Startup] File [../../../Engine/Config/ConsoleVariables.ini]
[2019.12.10-04.56.46:974][  0]LogConfig: Setting CVar [[net.UseAdaptiveNetUpdateFrequency:0]]
[2019.12.10-04.56.46:974][  0]LogConfig: Setting CVar [[p.chaos.AllowCreatePhysxBodies:1]]
[2019.12.10-04.56.46:974][  0]LogConfig: Applying CVar settings from Section [ConsoleVariables] File [C:/Users/bas/Documents/project/Narutaco/Narutaco/Saved/Config/Windows/Engine.ini]
[2019.12.10-04.56.46:974][  0]LogInit: Computer: DESKTOP-AON5AS3
[2019.12.10-04.56.46:974][  0]LogInit: User: bas
[2019.12.10-04.56.46:974][  0]LogInit: CPU Page size=4096, Cores=4
[2019.12.10-04.56.46:974][  0]LogInit: High frequency timer resolution =10.000000 MHz
[2019.12.10-04.56.46:975][  0]LogMemory: Memory total: Physical=15.9GB (16GB approx)
[2019.12.10-04.56.46:975][  0]LogMemory: Platform Memory Stats for Windows
[2019.12.10-04.56.46:975][  0]LogMemory: Process Physical Memory: 97.94 MB used, 97.94 MB peak
[2019.12.10-04.56.46:975][  0]LogMemory: Process Virtual Memory: 97.48 MB used, 97.48 MB peak
[2019.12.10-04.56.46:975][  0]LogMemory: Physical Memory: 6868.93 MB used,  9400.29 MB free, 16269.22 MB total
[2019.12.10-04.56.46:975][  0]LogMemory: Virtual Memory: 4650.83 MB used,  134213080.00 MB free, 134217728.00 MB total
[2019.12.10-04.56.47:017][  0]LogInit: Using OS detected language (en-US).
[2019.12.10-04.56.47:017][  0]LogInit: Using OS detected locale (en-US).
[2019.12.10-04.56.47:018][  0]LogTextLocalizationManager: No specific localization for 'en-US' exists, so the 'en' localization will be used.
[2019.12.10-04.56.47:192][  0]LogInit: Setting process to per monitor DPI aware
[2019.12.10-04.56.47:292][  0]LogSlate: New Slate User Created.  User Index 0, Is Virtual User: 0
[2019.12.10-04.56.47:292][  0]LogSlate: Slate User Registered.  User Index 0, Is Virtual User: 0
[2019.12.10-04.56.47:595][  0]LogHMD: Failed to initialize OpenVR with code 110
[2019.12.10-04.56.47:595][  0]LogD3D11RHI: D3D11 adapters:
[2019.12.10-04.56.48:718][  0]LogD3D11RHI:    0. 'NVIDIA GeForce GTX 1050' (Feature Level 11_0)
[2019.12.10-04.56.48:718][  0]LogD3D11RHI:       4019/0/8134 MB DedicatedVideo/DedicatedSystem/SharedSystem, Outputs:1, VendorId:0x10de
[2019.12.10-04.56.48:750][  0]LogD3D11RHI:    1. 'Intel(R) HD Graphics 630' (Feature Level 11_0)
[2019.12.10-04.56.48:750][  0]LogD3D11RHI:       128/0/8134 MB DedicatedVideo/DedicatedSystem/SharedSystem, Outputs:0, VendorId:0x8086
[2019.12.10-04.56.48:753][  0]LogD3D11RHI:    2. 'Microsoft Basic Render Driver' (Feature Level 11_0)
[2019.12.10-04.56.48:753][  0]LogD3D11RHI:       0/0/8134 MB DedicatedVideo/DedicatedSystem/SharedSystem, Outputs:0, VendorId:0x1414
[2019.12.10-04.56.48:753][  0]LogD3D11RHI: Chosen D3D11 Adapter: 0
[2019.12.10-04.56.48:803][  0]LogD3D11RHI: Creating new Direct3DDevice
[2019.12.10-04.56.48:803][  0]LogD3D11RHI:     GPU DeviceId: 0x1c8d (for the marketing name, search the web for "GPU Device Id")
[2019.12.10-04.56.48:803][  0]LogWindows: EnumDisplayDevices:
[2019.12.10-04.56.48:804][  0]LogWindows:    0. 'Intel(R) HD Graphics 630' (P:1 D:1)
[2019.12.10-04.56.48:804][  0]LogWindows:    1. 'Intel(R) HD Graphics 630' (P:0 D:0)
[2019.12.10-04.56.48:804][  0]LogWindows:    2. 'Intel(R) HD Graphics 630' (P:0 D:0)
[2019.12.10-04.56.48:805][  0]LogWindows:    3. 'NVIDIA GeForce GTX 1050' (P:0 D:0)
[2019.12.10-04.56.48:805][  0]LogWindows: DebugString: PrimaryIsNotTheChoosenAdapter PrimaryIsNotTheChoosenAdapter PrimaryIsNotTheChoosenAdapter 
[2019.12.10-04.56.48:805][  0]LogD3D11RHI:     Adapter Name: NVIDIA GeForce GTX 1050
[2019.12.10-04.56.48:805][  0]LogD3D11RHI:   Driver Version: 398.36 (internal:24.21.13.9836, unified:398.36)
[2019.12.10-04.56.48:805][  0]LogD3D11RHI:      Driver Date: 6-24-2018
[2019.12.10-04.56.48:805][  0]LogRHI: Texture pool is 2813 MB (70% of 4019 MB)
[2019.12.10-04.56.48:862][  0]LogD3D11RHI: Async texture creation enabled
[2019.12.10-04.56.48:868][  0]LogRendererCore: FGlobalReadBuffer::InitRHI
[2019.12.10-04.56.48:868][  0]LogRendererCore: FGlobalReadBuffer::InitRHI
[2019.12.10-04.56.48:868][  0]LogRendererCore: FGlobalReadBuffer::InitRHI
[2019.12.10-04.56.48:884][  0]LogD3D11RHI: GPU Timing Frequency: 1000.000000 (Debug: 2 2)
[2019.12.10-04.56.49:352][  0]LogTemp: Display: Module 'AllDesktopTargetPlatform' loaded TargetPlatform 'AllDesktop'
[2019.12.10-04.56.49:370][  0]LogTemp: Display: Module 'MacClientTargetPlatform' loaded TargetPlatform 'MacClient'
[2019.12.10-04.56.49:387][  0]LogTemp: Display: Module 'MacNoEditorTargetPlatform' loaded TargetPlatform 'MacNoEditor'
[2019.12.10-04.56.49:408][  0]LogTemp: Display: Module 'MacServerTargetPlatform' loaded TargetPlatform 'MacServer'
[2019.12.10-04.56.49:426][  0]LogTemp: Display: Module 'MacTargetPlatform' loaded TargetPlatform 'Mac'
[2019.12.10-04.56.49:444][  0]LogTemp: Display: Module 'WindowsClientTargetPlatform' loaded TargetPlatform 'WindowsClient'
[2019.12.10-04.56.49:463][  0]LogTemp: Display: Module 'WindowsNoEditorTargetPlatform' loaded TargetPlatform 'WindowsNoEditor'
[2019.12.10-04.56.49:480][  0]LogTemp: Display: Module 'WindowsServerTargetPlatform' loaded TargetPlatform 'WindowsServer'
[2019.12.10-04.56.49:488][  0]LogTemp: Display: Module 'WindowsTargetPlatform' loaded TargetPlatform 'Windows'
[2019.12.10-04.56.49:593][  0]LogTemp: Display: Module 'AndroidTargetPlatform' loaded TargetPlatform 'Android'
[2019.12.10-04.56.49:593][  0]LogTemp: Display: Module 'AndroidTargetPlatform' loaded TargetPlatform 'Android_ASTC'
[2019.12.10-04.56.49:593][  0]LogTemp: Display: Module 'AndroidTargetPlatform' loaded TargetPlatform 'Android_ATC'
[2019.12.10-04.56.49:593][  0]LogTemp: Display: Module 'AndroidTargetPlatform' loaded TargetPlatform 'Android_DXT'
[2019.12.10-04.56.49:593][  0]LogTemp: Display: Module 'AndroidTargetPlatform' loaded TargetPlatform 'Android_ETC1'
[2019.12.10-04.56.49:593][  0]LogTemp: Display: Module 'AndroidTargetPlatform' loaded TargetPlatform 'Android_ETC1a'
[2019.12.10-04.56.49:593][  0]LogTemp: Display: Module 'AndroidTargetPlatform' loaded TargetPlatform 'Android_ETC2'
[2019.12.10-04.56.49:593][  0]LogTemp: Display: Module 'AndroidTargetPlatform' loaded TargetPlatform 'Android_PVRTC'
[2019.12.10-04.56.49:593][  0]LogTemp: Display: Module 'AndroidTargetPlatform' loaded TargetPlatform 'AndroidClient'
[2019.12.10-04.56.49:593][  0]LogTemp: Display: Module 'AndroidTargetPlatform' loaded TargetPlatform 'Android_ASTCClient'
[2019.12.10-04.56.49:593][  0]LogTemp: Display: Module 'AndroidTargetPlatform' loaded TargetPlatform 'Android_ATCClient'
[2019.12.10-04.56.49:593][  0]LogTemp: Display: Module 'AndroidTargetPlatform' loaded TargetPlatform 'Android_DXTClient'
[2019.12.10-04.56.49:593][  0]LogTemp: Display: Module 'AndroidTargetPlatform' loaded TargetPlatform 'Android_ETC1Client'
[2019.12.10-04.56.49:593][  0]LogTemp: Display: Module 'AndroidTargetPlatform' loaded TargetPlatform 'Android_ETC1aClient'
[2019.12.10-04.56.49:593][  0]LogTemp: Display: Module 'AndroidTargetPlatform' loaded TargetPlatform 'Android_ETC2Client'
[2019.12.10-04.56.49:593][  0]LogTemp: Display: Module 'AndroidTargetPlatform' loaded TargetPlatform 'Android_PVRTCClient'
[2019.12.10-04.56.49:593][  0]LogTemp: Display: Module 'AndroidTargetPlatform' loaded TargetPlatform 'Android_Multi'
[2019.12.10-04.56.49:593][  0]LogTemp: Display: Module 'AndroidTargetPlatform' loaded TargetPlatform 'Android_MultiClient'
[2019.12.10-04.56.49:596][  0]LogTemp: Display: Module 'HTML5TargetPlatform' loaded TargetPlatform 'HTML5'
[2019.12.10-04.56.49:676][  0]LogTemp: Display: Module 'IOSTargetPlatform' loaded TargetPlatform 'IOSClient'
[2019.12.10-04.56.49:676][  0]LogTemp: Display: Module 'IOSTargetPlatform' loaded TargetPlatform 'IOS'
[2019.12.10-04.56.49:714][  0]LogTemp: Display: Module 'TVOSTargetPlatform' loaded TargetPlatform 'TVOSClient'
[2019.12.10-04.56.49:714][  0]LogTemp: Display: Module 'TVOSTargetPlatform' loaded TargetPlatform 'TVOS'
[2019.12.10-04.56.49:730][  0]LogTemp: Display: Module 'LinuxClientTargetPlatform' loaded TargetPlatform 'LinuxClient'
[2019.12.10-04.56.49:747][  0]LogTemp: Display: Module 'LinuxNoEditorTargetPlatform' loaded TargetPlatform 'LinuxNoEditor'
[2019.12.10-04.56.49:762][  0]LogTemp: Display: Module 'LinuxServerTargetPlatform' loaded TargetPlatform 'LinuxServer'
[2019.12.10-04.56.49:777][  0]LogTemp: Display: Module 'LinuxTargetPlatform' loaded TargetPlatform 'Linux'
[2019.12.10-04.56.49:829][  0]LogTemp: Display: Module 'LuminTargetPlatform' loaded TargetPlatform 'Lumin'
[2019.12.10-04.56.49:829][  0]LogTemp: Display: Module 'LuminTargetPlatform' loaded TargetPlatform 'LuminClient'
[2019.12.10-04.56.49:829][  0]LogTargetPlatformManager: Display: Building Assets For Windows
[2019.12.10-04.56.49:841][  0]LogAudioDebug: Display: Lib vorbis DLL was dynamically loaded.
[2019.12.10-04.56.49:915][  0]LogShaderCompilers: Guid format shader working directory is -20 characters bigger than the processId version (../../../../../../Users/bas/Documents/project/Narutaco/Narutaco/Intermediate/Shaders/WorkingDirectory/13256/).
[2019.12.10-04.56.49:915][  0]LogShaderCompilers: Cleaned the shader compiler working directory 'C:/Users/bas/AppData/Local/Temp/UnrealShaderWorkingDir/61AF149443B41D14A0E9B9BDAF5564BC/'.
[2019.12.10-04.56.49:919][  0]LogXGEController: Cleaning working directory: C:/Users/bas/AppData/Local/Temp/UnrealXGEWorkingDir/
[2019.12.10-04.56.49:919][  0]LogXGEController: Cannot use XGE Controller as Incredibuild is not installed on this machine.
[2019.12.10-04.56.49:919][  0]LogShaderCompilers: Cannot use XGE Shader Compiler as Incredibuild is not installed on this machine.
[2019.12.10-04.56.49:919][  0]LogShaderCompilers: Display: Using Local Shader Compiler.
[2019.12.10-04.56.50:546][  0]LogDerivedDataCache: Display: Max Cache Size: 512 MB
[2019.12.10-04.56.50:605][  0]LogDerivedDataCache: Loaded boot cache 0.06s 71MB C:/Users/bas/AppData/Local/UnrealEngine/4.22/DerivedDataCache/Boot.ddc.
[2019.12.10-04.56.50:605][  0]LogDerivedDataCache: Display: Loaded Boot cache: C:/Users/bas/AppData/Local/UnrealEngine/4.22/DerivedDataCache/Boot.ddc
[2019.12.10-04.56.50:605][  0]LogDerivedDataCache: FDerivedDataBackendGraph:  Pak pak cache file ../../../../../../Users/bas/Documents/project/Narutaco/Narutaco/DerivedDataCache/DDC.ddp not found, will not use a pak cache.
[2019.12.10-04.56.50:605][  0]LogDerivedDataCache: Unable to find inner node Pak for hierarchical cache Hierarchy.
[2019.12.10-04.56.50:605][  0]LogDerivedDataCache: FDerivedDataBackendGraph:  CompressedPak pak cache file ../../../../../../Users/bas/Documents/project/Narutaco/Narutaco/DerivedDataCache/Compressed.ddp not found, will not use a pak cache.
[2019.12.10-04.56.50:605][  0]LogDerivedDataCache: Unable to find inner node CompressedPak for hierarchical cache Hierarchy.
[2019.12.10-04.56.50:618][  0]LogDerivedDataCache: Display: Pak cache opened for reading ../../../Engine/DerivedDataCache/Compressed.ddp.
[2019.12.10-04.56.50:618][  0]LogDerivedDataCache: FDerivedDataBackendGraph:  EnterprisePak pak cache file ../../../Enterprise/DerivedDataCache/Compressed.ddp not found, will not use a pak cache.
[2019.12.10-04.56.50:619][  0]LogDerivedDataCache: Unable to find inner node EnterprisePak for hierarchical cache Hierarchy.
[2019.12.10-04.56.50:631][  0]LogDerivedDataCache: Using Local data cache path C:/Users/bas/AppData/Local/UnrealEngine/Common/DerivedDataCache: Writable
[2019.12.10-04.56.50:631][  0]LogDerivedDataCache: Shared data cache path not found in *engine.ini, will not use an Shared cache.
[2019.12.10-04.56.50:631][  0]LogDerivedDataCache: Unable to find inner node Shared for hierarchical cache Hierarchy.
[2019.12.10-04.56.50:662][  0]LogMaterial: Verifying Global Shaders for PCD3D_SM5
[2019.12.10-04.56.50:663][  0]LogSlate: Using FreeType 2.6.0
[2019.12.10-04.56.50:684][  0]LogSlate: SlateFontServices - WITH_FREETYPE: 1, WITH_HARFBUZZ: 1
[2019.12.10-04.56.50:861][  0]LogAssetRegistry: FAssetRegistry took 0.0378 seconds to start up
[2019.12.10-04.56.51:332][  0]LogInit: Selected Device Profile: [Windows]
[2019.12.10-04.56.51:541][  0]LogMeshReduction: Using QuadricMeshReduction for automatic static mesh reduction
[2019.12.10-04.56.51:541][  0]LogMeshReduction: Using SimplygonMeshReduction for automatic skeletal mesh reduction
[2019.12.10-04.56.51:541][  0]LogMeshReduction: Using ProxyLODMeshReduction for automatic mesh merging
[2019.12.10-04.56.51:541][  0]LogMeshReduction: No distributed automatic mesh merging module available
[2019.12.10-04.56.51:541][  0]LogMeshMerging: No distributed automatic mesh merging module available
[2019.12.10-04.56.51:566][  0]LogNetVersion: Narutaco 1.0.0, NetCL: 5660361, EngineNetVer: 10, GameNetVer: 0 (Checksum: 1127581655)
[2019.12.10-04.56.52:134][  0]LogPackageLocalizationCache: Processed 10 localized package path(s) for 1 prioritized culture(s) in 0.052729 seconds
[2019.12.10-04.56.52:141][  0]LogUObjectArray: 42205 objects as part of root set at end of initial load.
[2019.12.10-04.56.52:141][  0]LogUObjectAllocator: 7325032 out of 0 bytes used by permanent object pool.
[2019.12.10-04.56.52:142][  0]LogUObjectArray: CloseDisregardForGC: 0/0 objects in disregard for GC pool
[2019.12.10-04.56.55:531][  0]LogTcpMessaging: Initializing TcpMessaging bridge
[2019.12.10-04.56.55:546][  0]LogUdpMessaging: Initializing bridge on interface 0.0.0.0:0 to multicast group 230.0.0.1:6666.
[2019.12.10-04.56.55:713][  0]SourceControl: Source control is disabled
[2019.12.10-04.56.55:713][  0]SourceControl: Source control is disabled
[2019.12.10-04.56.55:715][  0]SourceControl: Source control is disabled
[2019.12.10-04.56.55:716][  0]SourceControl: Source control is disabled
[2019.12.10-04.56.55:831][  0]LogAndroidPermission: UAndroidPermissionCallbackProxy::GetInstance
[2019.12.10-04.56.55:933][  0]LogOcInput: OculusInput pre-init called
[2019.12.10-04.56.56:791][  0]LogEngine: Initializing Engine...
[2019.12.10-04.56.56:792][  0]LogHMD: Failed to initialize OpenVR with code 110
[2019.12.10-04.56.56:793][  0]LogStats: UGameplayTagsManager::InitializeManager -  0.000 s
[2019.12.10-04.56.57:048][  0]LogInit: Initializing FReadOnlyCVARCache
[2019.12.10-04.56.57:067][  0]LogAIModule: Creating AISystem for world Untitled
[2019.12.10-04.56.57:140][  0]LogInit: XAudio2 using 'Speaker/Headphone (2- Realtek High Definition Audio)' : 2 channels at 48 kHz using 32 bits per sample (channel mask 0x3)
[2019.12.10-04.56.58:596][  0]LogInit: FAudioDevice initialized.
[2019.12.10-04.56.58:597][  0]LogNetVersion: Set ProjectVersion to 1.0.0.0. Version Checksum will be recalculated on next use.
[2019.12.10-04.56.58:702][  0]LogDerivedDataCache: Saved boot cache 0.11s 71MB C:/Users/bas/AppData/Local/UnrealEngine/4.22/DerivedDataCache/Boot.ddc.
[2019.12.10-04.56.58:712][  0]LogInit: Texture streaming: Enabled
[2019.12.10-04.56.58:768][  0]LogEngineSessionManager: EngineSessionManager initialized
[2019.12.10-04.56.58:801][  0]LogInit: Transaction tracking system initialized
[2019.12.10-04.56.58:848][  0]BlueprintLog: New page: Editor Load
[2019.12.10-04.56.59:017][  0]LocalizationService: Localization service is disabled
[2019.12.10-04.56.59:516][  0]LogFileCache: Scanning file cache for directory 'C:/Users/bas/Documents/project/Narutaco/Narutaco/Content/' took 0.02s
[2019.12.10-04.56.59:516][  0]LogCook: Display: Max memory allowance for cook 16384mb min free memory 0mb
[2019.12.10-04.56.59:516][  0]LogCook: Display: Mobile HDR setting 1
[2019.12.10-04.56.59:894][  0]SourceControl: Source control is disabled
[2019.12.10-04.56.59:894][  0]Cmd: MAP LOAD FILE="../../../../../../Users/bas/Documents/project/Narutaco/Narutaco/Content/level/project.umap" TEMPLATE=0 SHOWPROGRESS=1 FEATURELEVEL=3
[2019.12.10-04.56.59:894][  0]LightingResults: New page: Lighting Build
[2019.12.10-04.56.59:899][  0]MapCheck: New page: Map Check
[2019.12.10-04.56.59:899][  0]LightingResults: New page: Lighting Build
[2019.12.10-04.56.59:930][  0]LogUObjectHash: Compacting FUObjectHashTables data took   1.72ms
[2019.12.10-04.57.00:105][  0]LogAIModule: Creating AISystem for world project
[2019.12.10-04.57.00:143][  0]LogEditorServer: Finished looking for orphan Actors (0.000 secs)
[2019.12.10-04.57.00:174][  0]LogUObjectHash: Compacting FUObjectHashTables data took   1.86ms
[2019.12.10-04.57.00:174][  0]Cmd: MAP CHECKDEP NOCLEARLOG
[2019.12.10-04.57.00:174][  0]MapCheck: Map check complete: 0 Error(s), 0 Warning(s), took 0.21ms to complete.
[2019.12.10-04.57.00:174][  0]LogFileHelpers: Loading map 'project' took 0.281
[2019.12.10-04.57.00:389][  0]LogSlate: Updating window title bar state: overlay mode, drag disabled, window buttons hidden, title bar hidden
[2019.12.10-04.57.00:399][  0]LogSlate: Updating window title bar state: overlay mode, drag disabled, window buttons hidden, title bar hidden
[2019.12.10-04.57.00:410][  0]LogSlate: Updating window title bar state: overlay mode, drag disabled, window buttons hidden, title bar hidden
[2019.12.10-04.57.00:421][  0]LogSlate: Updating window title bar state: overlay mode, drag disabled, window buttons hidden, title bar hidden
[2019.12.10-04.57.00:441][  0]LogCollectionManager: Loaded 0 collections in 0.003970 seconds
[2019.12.10-04.57.00:465][  0]LogFileCache: Scanning file cache for directory 'C:/Users/bas/Documents/project/Narutaco/Narutaco/Saved/Collections/' took 0.01s
[2019.12.10-04.57.00:465][  0]LogFileCache: Scanning file cache for directory 'C:/Users/bas/Documents/project/Narutaco/Narutaco/Content/Developers/bas/Collections/' took 0.00s
[2019.12.10-04.57.00:465][  0]LogFileCache: Scanning file cache for directory 'C:/Users/bas/Documents/project/Narutaco/Narutaco/Content/Collections/' took 0.00s
[2019.12.10-04.57.00:465][  0]LogCollectionManager: Rebuilt the GUID cache for 0 collections in 0.000001 seconds
[2019.12.10-04.57.00:484][  0]LogContentBrowser: Native class hierarchy populated in 0.0185 seconds. Added 2732 classes and 659 folders.
[2019.12.10-04.57.00:501][  0]LogContentBrowser: Native class hierarchy updated for 'WidgetCarousel' in 0.0006 seconds. Added 0 classes and 0 folders.
[2019.12.10-04.57.00:517][  0]LogPakFile: Registered encryption key '00000000000000000000000000000000': 0 pak files mounted, 0 remain pending
[2019.12.10-04.57.00:532][  0]LogPakFile: Registered encryption key '00000000000000000000000000000000': 0 pak files mounted, 0 remain pending
[2019.12.10-04.57.00:560][  0]LogPakFile: Registered encryption key '00000000000000000000000000000000': 0 pak files mounted, 0 remain pending
[2019.12.10-04.57.00:569][  0]LogPakFile: Registered encryption key '00000000000000000000000000000000': 0 pak files mounted, 0 remain pending
[2019.12.10-04.57.00:578][  0]LogPakFile: Registered encryption key '00000000000000000000000000000000': 0 pak files mounted, 0 remain pending
[2019.12.10-04.57.00:586][  0]LogPakFile: Registered encryption key '00000000000000000000000000000000': 0 pak files mounted, 0 remain pending
[2019.12.10-04.57.00:595][  0]LogPakFile: Registered encryption key '00000000000000000000000000000000': 0 pak files mounted, 0 remain pending
[2019.12.10-04.57.00:604][  0]LogPakFile: Registered encryption key '00000000000000000000000000000000': 0 pak files mounted, 0 remain pending
[2019.12.10-04.57.00:614][  0]LogPakFile: Registered encryption key '00000000000000000000000000000000': 0 pak files mounted, 0 remain pending
[2019.12.10-04.57.00:624][  0]LogPakFile: Registered encryption key '00000000000000000000000000000000': 0 pak files mounted, 0 remain pending
[2019.12.10-04.57.00:632][  0]LogPakFile: Registered encryption key '00000000000000000000000000000000': 0 pak files mounted, 0 remain pending
[2019.12.10-04.57.00:641][  0]LogPakFile: Registered encryption key '00000000000000000000000000000000': 0 pak files mounted, 0 remain pending
[2019.12.10-04.57.00:650][  0]LogPakFile: Registered encryption key '00000000000000000000000000000000': 0 pak files mounted, 0 remain pending
[2019.12.10-04.57.00:659][  0]LogPakFile: Registered encryption key '00000000000000000000000000000000': 0 pak files mounted, 0 remain pending
[2019.12.10-04.57.00:668][  0]LogPakFile: Registered encryption key '00000000000000000000000000000000': 0 pak files mounted, 0 remain pending
[2019.12.10-04.57.00:676][  0]LogPakFile: Registered encryption key '00000000000000000000000000000000': 0 pak files mounted, 0 remain pending
[2019.12.10-04.57.00:727][  0]LogPakFile: Registered encryption key '00000000000000000000000000000000': 0 pak files mounted, 0 remain pending
[2019.12.10-04.57.00:740][  0]LogPakFile: Registered encryption key '00000000000000000000000000000000': 0 pak files mounted, 0 remain pending
[2019.12.10-04.57.00:752][  0]LogPakFile: Registered encryption key '00000000000000000000000000000000': 0 pak files mounted, 0 remain pending
[2019.12.10-04.57.00:762][  0]LogPakFile: Registered encryption key '00000000000000000000000000000000': 0 pak files mounted, 0 remain pending
[2019.12.10-04.57.00:772][  0]LogPakFile: Registered encryption key '00000000000000000000000000000000': 0 pak files mounted, 0 remain pending
[2019.12.10-04.57.00:781][  0]LogPakFile: Registered encryption key '00000000000000000000000000000000': 0 pak files mounted, 0 remain pending
[2019.12.10-04.57.00:789][  0]LogPakFile: Registered encryption key '00000000000000000000000000000000': 0 pak files mounted, 0 remain pending
[2019.12.10-04.57.00:800][  0]LogPakFile: Registered encryption key '00000000000000000000000000000000': 0 pak files mounted, 0 remain pending
[2019.12.10-04.57.00:808][  0]LogPakFile: Registered encryption key '00000000000000000000000000000000': 0 pak files mounted, 0 remain pending
[2019.12.10-04.57.00:816][  0]LogPakFile: Registered encryption key '00000000000000000000000000000000': 0 pak files mounted, 0 remain pending
[2019.12.10-04.57.01:070][  0]LogContentBrowser: Native class hierarchy updated for 'AddContentDialog' in 0.0005 seconds. Added 0 classes and 0 folders.
[2019.12.10-04.57.01:082][  0]LogContentBrowser: Native class hierarchy updated for 'SceneOutliner' in 0.0005 seconds. Added 1 classes and 2 folders.
[2019.12.10-04.57.01:176][  0]LogSlate: Took 0.000298 seconds to synchronously load lazily loaded font '../../../Engine/Content/Slate/Fonts/Roboto-Regular.ttf' (155K)
[2019.12.10-04.57.01:180][  0]LogSlate: Took 0.000293 seconds to synchronously load lazily loaded font '../../../Engine/Content/Slate/Fonts/Roboto-Bold.ttf' (160K)
[2019.12.10-04.57.01:199][  0]LogSlate: Took 0.008093 seconds to synchronously load lazily loaded font '../../../Engine/Content/Editor/Slate/Fonts/FontAwesome.ttf' (139K)
[2019.12.10-04.57.01:307][  0]LogRenderer: Reallocating scene render targets to support 964x440 Format 10 NumSamples 1 (Frame:1).
[2019.12.10-04.57.01:614][  0]LogContentBrowser: Native class hierarchy updated for 'HierarchicalLODOutliner' in 0.0005 seconds. Added 0 classes and 0 folders.
[2019.12.10-04.57.01:614][  0]LogLoad: (Engine Initialization) Total time: 16.96 seconds
[2019.12.10-04.57.01:614][  0]LogLoad: (Engine Initialization) Total Blueprint compile time: 0.00 seconds
[2019.12.10-04.57.01:667][  0]LogAssetRegistry: Asset discovery search completed in 10.8293 seconds
[2019.12.10-04.57.01:670][  0]LogCollectionManager: Rebuilt the object cache for 0 collections in 0.000000 seconds (found 0 objects)
[2019.12.10-04.57.01:670][  0]LogCollectionManager: Fixed up redirectors for 0 collections in 0.000053 seconds (updated 0 objects)
[2019.12.10-04.57.01:671][  0]LogContentStreaming: Texture pool size now 1000 MB
[2019.12.10-04.57.01:701][  0]LogSlate: Took 0.000143 seconds to synchronously load lazily loaded font '../../../Engine/Content/Slate/Fonts/Roboto-Light.ttf' (167K)
[2019.12.10-04.57.16:261][859]LogSlate: FSceneViewport::OnFocusLost() reason 0
[2019.12.10-04.57.16:394][867]LogTemp: Repeating last play command: New Editor Window (PIE)
[2019.12.10-04.57.16:417][867]LogBlueprintUserMessages: Early PlayInEditor Detection: Level '/Game/level/project.project:PersistentLevel' has LevelScriptBlueprint '/Game/level/project.project:PersistentLevel.project' with GeneratedClass '/Game/level/project.project_C' with ClassGeneratedBy '/Game/level/project.project:PersistentLevel.project'
[2019.12.10-04.57.16:417][867]LogPlayLevel: PlayLevel: No blueprints needed recompiling
[2019.12.10-04.57.16:417][867]PIE: New page: PIE session: project (Dec 9, 2019, 4:57:16 PM)
[2019.12.10-04.57.16:430][867]LogPlayLevel: Creating play world package: /Game/level/UEDPIE_0_project
[2019.12.10-04.57.16:472][867]LogPlayLevel: PIE: StaticDuplicateObject took: (0.041831s)
[2019.12.10-04.57.16:473][867]LogAIModule: Creating AISystem for world project
[2019.12.10-04.57.16:476][867]LogPlayLevel: PIE: World Init took: (0.003247s)
[2019.12.10-04.57.16:476][867]LogPlayLevel: PIE: Created PIE world by copying editor world from /Game/level/project.project to /Game/level/UEDPIE_0_project.project (0.045765s)
[2019.12.10-04.57.16:504][867]LogUObjectHash: Compacting FUObjectHashTables data took   1.14ms
[2019.12.10-04.57.16:510][867]LogInit: XAudio2 using 'Speaker/Headphone (2- Realtek High Definition Audio)' : 2 channels at 48 kHz using 32 bits per sample (channel mask 0x3)
[2019.12.10-04.57.16:531][867]LogInit: FAudioDevice initialized.
[2019.12.10-04.57.16:545][867]LogSlate: Updating window title bar state: overlay mode, drag disabled, window buttons hidden, title bar hidden
[2019.12.10-04.57.16:731][867]LogLoad: Game class is 'game_mode_C'
[2019.12.10-04.57.16:752][867]LogWorld: Bringing World /Game/level/UEDPIE_0_project.project up for play (max tick rate 60) at 2019.12.09-22.57.16
[2019.12.10-04.57.16:756][867]LogWorld: Bringing up level for play took: 0.021728
[2019.12.10-04.57.16:783][867]LogContentBrowser: Native class hierarchy updated for 'MovieSceneCapture' in 0.0007 seconds. Added 20 classes and 0 folders.
[2019.12.10-04.57.16:793][867]PIE: Play in editor start time for /Game/level/UEDPIE_0_project -0.587
[2019.12.10-04.57.16:794][867]LogBlueprintUserMessages: Late PlayInEditor Detection: Level '/Game/level/project.project:PersistentLevel' has LevelScriptBlueprint '/Game/level/project.project:PersistentLevel.project' with GeneratedClass '/Game/level/project.project_C' with ClassGeneratedBy '/Game/level/project.project:PersistentLevel.project'
[2019.12.10-04.57.16:834][868]LogRenderer: Reallocating scene render targets to support 1016x544 Format 10 NumSamples 1 (Frame:1).
[2019.12.10-04.57.16:841][868]LogCharacterMovement: Warning: GetSimulationTimeStep() - Max iterations 8 hit while remaining time 0.097470 > MaxSimulationTimeStep (0.050) for 'character_C_0', movement 'Walking'
[2019.12.10-04.57.19:008][994]LogSlate: Window 'Narutaco Game Preview Standalone (64-bit/PCD3D_SM5)' being destroyed
[2019.12.10-04.57.19:018][994]LogBlueprintUserMessages: Early EndPlayMap Detection: Level '/Game/level/project.project:PersistentLevel' has LevelScriptBlueprint '/Game/level/project.project:PersistentLevel.project' with GeneratedClass '/Game/level/project.project_C' with ClassGeneratedBy '/Game/level/project.project:PersistentLevel.project'
[2019.12.10-04.57.19:055][994]LogPlayLevel: Display: Shutting down PIE online subsystems
[2019.12.10-04.57.19:055][994]LogBlueprintUserMessages: Late EndPlayMap Detection: Level '/Game/level/project.project:PersistentLevel' has LevelScriptBlueprint '/Game/level/project.project:PersistentLevel.project' with GeneratedClass '/Game/level/project.project_C' with ClassGeneratedBy '/Game/level/project.project:PersistentLevel.project'
[2019.12.10-04.57.19:106][994]LogUObjectHash: Compacting FUObjectHashTables data took   3.93ms
[2019.12.10-04.57.19:148][995]LogPlayLevel: Display: Destroying online subsystem :Context_1
[2019.12.10-04.57.20:926][ 99]LogSlate: Took 0.000264 seconds to synchronously load lazily loaded font '../../../Engine/Content/Slate/Fonts/Roboto-Light.ttf' (167K)
[2019.12.10-04.57.21:007][ 99]LogAIModule: Creating AISystem for world main_menu
[2019.12.10-04.57.21:015][ 99]LogAssetEditorManager: Opening Asset editor for World /Game/level/Menu/main_menu.main_menu
[2019.12.10-04.57.21:049][ 99]LogUObjectHash: Compacting FUObjectHashTables data took   2.62ms
[2019.12.10-04.57.21:050][ 99]Cmd: MAP LOAD FILE="../../../../../../Users/bas/Documents/project/Narutaco/Narutaco/Content/level/Menu/main_menu.umap" TEMPLATE=0 SHOWPROGRESS=1 FEATURELEVEL=3
[2019.12.10-04.57.21:050][ 99]LightingResults: New page: Lighting Build
[2019.12.10-04.57.21:051][ 99]LoadErrors: New page: Loading map: main_menu.umap
[2019.12.10-04.57.21:054][ 99]MapCheck: New page: Map Check
[2019.12.10-04.57.21:054][ 99]LightingResults: New page: Lighting Build
[2019.12.10-04.57.21:085][ 99]LogUObjectHash: Compacting FUObjectHashTables data took   1.73ms
[2019.12.10-04.57.21:142][ 99]LogEditorServer: Finished looking for orphan Actors (0.000 secs)
[2019.12.10-04.57.21:171][ 99]LogUObjectHash: Compacting FUObjectHashTables data took   1.76ms
[2019.12.10-04.57.21:207][ 99]Cmd: MAP CHECKDEP NOCLEARLOG
[2019.12.10-04.57.21:207][ 99]MapCheck: Map check complete: 0 Error(s), 0 Warning(s), took 0.135ms to complete.
[2019.12.10-04.57.21:207][ 99]LogFileHelpers: Loading map 'main_menu' took 0.158
[2019.12.10-04.57.24:596][296]LogTemp: Repeating last play command: New Editor Window (PIE)
[2019.12.10-04.57.24:618][296]LogBlueprintUserMessages: Early PlayInEditor Detection: Level '/Game/level/Menu/main_menu.main_menu:PersistentLevel' has LevelScriptBlueprint '/Game/level/Menu/main_menu.main_menu:PersistentLevel.main_menu' with GeneratedClass '/Game/level/Menu/main_menu.main_menu_C' with ClassGeneratedBy '/Game/level/Menu/main_menu.main_menu:PersistentLevel.main_menu'
[2019.12.10-04.57.24:618][296]LogPlayLevel: PlayLevel: No blueprints needed recompiling
[2019.12.10-04.57.24:619][296]PIE: New page: PIE session: main_menu (Dec 9, 2019, 4:57:24 PM)
[2019.12.10-04.57.24:619][296]LogPlayLevel: Creating play world package: /Game/level/Menu/UEDPIE_0_main_menu
[2019.12.10-04.57.24:621][296]LogPlayLevel: PIE: StaticDuplicateObject took: (0.001233s)
[2019.12.10-04.57.24:621][296]LogAIModule: Creating AISystem for world main_menu
[2019.12.10-04.57.24:621][296]LogPlayLevel: PIE: World Init took: (0.000724s)
[2019.12.10-04.57.24:621][296]LogPlayLevel: PIE: Created PIE world by copying editor world from /Game/level/Menu/main_menu.main_menu to /Game/level/Menu/UEDPIE_0_main_menu.main_menu (0.002374s)
[2019.12.10-04.57.24:651][296]LogUObjectHash: Compacting FUObjectHashTables data took   1.29ms
[2019.12.10-04.57.24:657][296]LogInit: XAudio2 using 'Speaker/Headphone (2- Realtek High Definition Audio)' : 2 channels at 48 kHz using 32 bits per sample (channel mask 0x3)
[2019.12.10-04.57.24:677][296]LogInit: FAudioDevice initialized.
[2019.12.10-04.57.24:689][296]LogSlate: Updating window title bar state: overlay mode, drag disabled, window buttons hidden, title bar hidden
[2019.12.10-04.57.24:721][296]LogLoad: Game class is 'game_mode_C'
[2019.12.10-04.57.24:723][296]LogWorld: Bringing World /Game/level/Menu/UEDPIE_0_main_menu.main_menu up for play (max tick rate 60) at 2019.12.09-22.57.24
[2019.12.10-04.57.24:723][296]LogWorld: Bringing up level for play took: 0.000750
[2019.12.10-04.57.24:742][296]PIE: Play in editor start time for /Game/level/Menu/UEDPIE_0_main_menu -0.638
[2019.12.10-04.57.24:742][296]LogBlueprintUserMessages: Late PlayInEditor Detection: Level '/Game/level/Menu/main_menu.main_menu:PersistentLevel' has LevelScriptBlueprint '/Game/level/Menu/main_menu.main_menu:PersistentLevel.main_menu' with GeneratedClass '/Game/level/Menu/main_menu.main_menu_C' with ClassGeneratedBy '/Game/level/Menu/main_menu.main_menu:PersistentLevel.main_menu'
[2019.12.10-04.57.26:470][399]LogNet: Browse: /Game/level/project
[2019.12.10-04.57.26:470][399]LogLoad: LoadMap: /Game/level/project
[2019.12.10-04.57.26:503][399]LogUObjectHash: Compacting FUObjectHashTables data took   1.82ms
[2019.12.10-04.57.26:658][399]LogAIModule: Creating AISystem for world project
[2019.12.10-04.57.26:659][399]LogLoad: Game class is 'game_mode_C'
[2019.12.10-04.57.26:686][399]LogWorld: Bringing World /Game/level/UEDPIE_0_project.project up for play (max tick rate 60) at 2019.12.09-22.57.26
[2019.12.10-04.57.26:688][399]LogWorld: Bringing up level for play took: 0.027083
[2019.12.10-04.57.26:690][399]LogLoad: Took 0.220472 seconds to LoadMap(/Game/level/project)
[2019.12.10-04.57.29:758][581]LogSlate: Window 'Narutaco Game Preview Standalone (64-bit/PCD3D_SM5)' being destroyed
[2019.12.10-04.57.29:766][581]LogBlueprintUserMessages: Early EndPlayMap Detection: Level '/Game/level/Menu/main_menu.main_menu:PersistentLevel' has LevelScriptBlueprint '/Game/level/Menu/main_menu.main_menu:PersistentLevel.main_menu' with GeneratedClass '/Game/level/Menu/main_menu.main_menu_C' with ClassGeneratedBy '/Game/level/Menu/main_menu.main_menu:PersistentLevel.main_menu'
[2019.12.10-04.57.29:801][581]LogPlayLevel: Display: Shutting down PIE online subsystems
[2019.12.10-04.57.29:801][581]LogBlueprintUserMessages: Late EndPlayMap Detection: Level '/Game/level/Menu/main_menu.main_menu:PersistentLevel' has LevelScriptBlueprint '/Game/level/Menu/main_menu.main_menu:PersistentLevel.main_menu' with GeneratedClass '/Game/level/Menu/main_menu.main_menu_C' with ClassGeneratedBy '/Game/level/Menu/main_menu.main_menu:PersistentLevel.main_menu'
[2019.12.10-04.57.29:850][581]LogUObjectHash: Compacting FUObjectHashTables data took   3.33ms
[2019.12.10-04.57.29:867][582]LogPlayLevel: Display: Destroying online subsystem :Context_2
[2019.12.10-04.57.33:508][796]LogEditorViewport: Clicking Background
[2019.12.10-04.57.34:356][847]LogEditorViewport: Clicking Background
[2019.12.10-04.57.35:896][939]LogSlate: FSceneViewport::OnFocusLost() reason 0
[2019.12.10-04.57.36:130][949]LogUObjectHash: Compacting FUObjectHashTables data took   0.66ms
[2019.12.10-04.57.36:237][949]LogSavePackage: Moving '../../../../../../Users/bas/Documents/project/Narutaco/Narutaco/Saved/main_menu90AD71084126F4A9568EA992B25F3F81.tmp' to '../../../../../../Users/bas/Documents/project/Narutaco/Narutaco/Content/level/Menu/main_menu.umap'
